[2025-07-01 20:05:46.984] [INFO] [GatewayMain] Sensor Gateway started on port 12345

SEQ_NR: 1   TIME: 1751375147
ESTABLISHED SQL SERVER CONNECTION.

SEQ_NR: 1   TIME: 1751375147
NEW TABLE Sensor.db CREATED.
[2025-07-01 20:47:54.766] [INFO] [GatewayMain] Sensor Gateway started on port 12345
[2025-07-01 20:47:54.768] [INFO] [StorageMgr] ESTABLISHED SQL SERVER CONNECTION.

[2025-07-01 20:47:54.769] [INFO] [StorageMgr] NEW TABLE Sensor.db CREATED. 

[2025-07-01 20:50:02.906] [INFO] [ConnMgr/Thread-1] NEW CONNECTION SENSOR ID: 15
[2025-07-01 20:50:17.322] [WARN] [DataMgr/Thread-1] SENSOR ID: 15 TOO COOL! (AVG_TEMP = 19.933264)

[2025-07-01 20:50:20.926] [WARN] [DataMgr/Thread-1] SENSOR ID: 15 TOO COOL! (AVG_TEMP = 19.889919)

[2025-07-01 20:50:21.996] [WARN] [DataMgr/Thread-1] SENSOR ID: 15 TOO COOL! (AVG_TEMP = 19.875080)

[2025-07-01 20:50:21.996] [INFO] [ConnMgr/Thread-1] NEW CONNECTION SENSOR ID: 21
[2025-07-01 20:50:25.600] [WARN] [DataMgr/Thread-1] SENSOR ID: 15 TOO COOL! (AVG_TEMP = 19.833313)

[2025-07-01 20:50:29.204] [WARN] [DataMgr/Thread-1] SENSOR ID: 15 TOO COOL! (AVG_TEMP = 19.727834)

[2025-07-01 20:50:32.807] [WARN] [DataMgr/Thread-1] SENSOR ID: 15 TOO COOL! (AVG_TEMP = 19.605113)

[2025-07-01 20:50:36.411] [WARN] [DataMgr/Thread-1] SENSOR ID: 15 TOO COOL! (AVG_TEMP = 19.497587)

[2025-07-01 20:50:36.412] [WARN] [DataMgr/Thread-1] SENSOR ID: 21 TOO COOL! (AVG_TEMP = 19.816445)

[2025-07-01 20:50:38.268] [WARN] [DataMgr/Thread-1] SENSOR ID: 15 TOO COOL! (AVG_TEMP = 19.363212)

[2025-07-01 20:50:38.268] [INFO] [ConnMgr/Thread-1] NEW CONNECTION SENSOR ID: 37
[2025-07-01 20:50:38.268] [WARN] [DataMgr/Thread-1] SENSOR ID: 21 TOO COOL! (AVG_TEMP = 19.787250)

[2025-07-01 20:50:41.872] [WARN] [DataMgr/Thread-1] SENSOR ID: 15 TOO COOL! (AVG_TEMP = 19.247805)

[2025-07-01 20:50:41.872] [WARN] [DataMgr/Thread-1] SENSOR ID: 21 TOO COOL! (AVG_TEMP = 19.689090)

[2025-07-01 20:50:45.476] [WARN] [DataMgr/Thread-1] SENSOR ID: 15 TOO COOL! (AVG_TEMP = 19.176340)

[2025-07-01 20:50:45.476] [WARN] [DataMgr/Thread-1] SENSOR ID: 21 TOO COOL! (AVG_TEMP = 19.642124)

[2025-07-01 20:50:49.080] [WARN] [DataMgr/Thread-1] SENSOR ID: 15 TOO COOL! (AVG_TEMP = 19.138222)

[2025-07-01 20:50:49.080] [WARN] [DataMgr/Thread-1] SENSOR ID: 21 TOO COOL! (AVG_TEMP = 19.612484)

[2025-07-01 20:50:52.683] [WARN] [DataMgr/Thread-1] SENSOR ID: 15 TOO COOL! (AVG_TEMP = 19.141096)

[2025-07-01 20:50:52.684] [WARN] [DataMgr/Thread-1] SENSOR ID: 21 TOO COOL! (AVG_TEMP = 19.568288)

[2025-07-01 20:50:52.684] [WARN] [DataMgr/Thread-1] SENSOR ID: 37 TOO COOL! (AVG_TEMP = 20.338239)

[2025-07-01 20:50:56.287] [WARN] [DataMgr/Thread-1] SENSOR ID: 15 TOO COOL! (AVG_TEMP = 19.156882)

[2025-07-01 20:50:56.288] [WARN] [DataMgr/Thread-1] SENSOR ID: 21 TOO COOL! (AVG_TEMP = 19.548757)

[2025-07-01 20:50:56.288] [WARN] [DataMgr/Thread-1] SENSOR ID: 37 TOO COOL! (AVG_TEMP = 20.400652)

[2025-07-01 20:50:59.891] [WARN] [DataMgr/Thread-1] SENSOR ID: 15 TOO COOL! (AVG_TEMP = 19.238066)

[2025-07-01 20:50:59.892] [WARN] [DataMgr/Thread-1] SENSOR ID: 21 TOO COOL! (AVG_TEMP = 19.578400)

[2025-07-01 20:50:59.892] [WARN] [DataMgr/Thread-1] SENSOR ID: 37 TOO COOL! (AVG_TEMP = 20.438467)

[2025-07-01 20:51:03.495] [WARN] [DataMgr/Thread-1] SENSOR ID: 15 TOO COOL! (AVG_TEMP = 19.312586)

[2025-07-01 20:51:03.496] [WARN] [DataMgr/Thread-1] SENSOR ID: 21 TOO COOL! (AVG_TEMP = 19.605906)

[2025-07-01 20:51:03.496] [WARN] [DataMgr/Thread-1] SENSOR ID: 37 TOO COOL! (AVG_TEMP = 20.428955)

[2025-07-01 20:51:07.099] [WARN] [DataMgr/Thread-1] SENSOR ID: 15 TOO COOL! (AVG_TEMP = 19.347524)

[2025-07-01 20:51:07.099] [WARN] [DataMgr/Thread-1] SENSOR ID: 21 TOO COOL! (AVG_TEMP = 19.639323)

[2025-07-01 20:51:07.100] [WARN] [DataMgr/Thread-1] SENSOR ID: 37 TOO COOL! (AVG_TEMP = 20.435592)

[2025-07-01 20:51:10.703] [WARN] [DataMgr/Thread-1] SENSOR ID: 15 TOO COOL! (AVG_TEMP = 19.408431)

[2025-07-01 20:51:10.703] [WARN] [DataMgr/Thread-1] SENSOR ID: 21 TOO COOL! (AVG_TEMP = 19.683312)

[2025-07-01 20:51:10.704] [WARN] [DataMgr/Thread-1] SENSOR ID: 37 TOO COOL! (AVG_TEMP = 20.503760)

[2025-07-01 20:51:14.307] [WARN] [DataMgr/Thread-1] SENSOR ID: 15 TOO COOL! (AVG_TEMP = 19.482510)

[2025-07-01 20:51:14.308] [WARN] [DataMgr/Thread-1] SENSOR ID: 21 TOO COOL! (AVG_TEMP = 19.764345)

[2025-07-01 20:51:14.308] [WARN] [DataMgr/Thread-1] SENSOR ID: 37 TOO COOL! (AVG_TEMP = 20.568226)

[2025-07-01 20:51:17.911] [WARN] [DataMgr/Thread-1] SENSOR ID: 15 TOO COOL! (AVG_TEMP = 19.472400)

[2025-07-01 20:51:17.911] [WARN] [DataMgr/Thread-1] SENSOR ID: 21 TOO COOL! (AVG_TEMP = 19.846286)

[2025-07-01 20:51:17.911] [WARN] [DataMgr/Thread-1] SENSOR ID: 37 TOO COOL! (AVG_TEMP = 20.613042)

[2025-07-01 20:51:21.515] [WARN] [DataMgr/Thread-1] SENSOR ID: 15 TOO COOL! (AVG_TEMP = 19.451055)

[2025-07-01 20:51:21.515] [WARN] [DataMgr/Thread-1] SENSOR ID: 21 TOO COOL! (AVG_TEMP = 19.851078)

[2025-07-01 20:51:21.515] [WARN] [DataMgr/Thread-1] SENSOR ID: 37 TOO COOL! (AVG_TEMP = 20.678945)

[2025-07-01 20:51:25.119] [WARN] [DataMgr/Thread-1] SENSOR ID: 15 TOO COOL! (AVG_TEMP = 19.476883)

[2025-07-01 20:51:25.119] [WARN] [DataMgr/Thread-1] SENSOR ID: 21 TOO COOL! (AVG_TEMP = 19.794543)

[2025-07-01 20:51:25.119] [WARN] [DataMgr/Thread-1] SENSOR ID: 37 TOO COOL! (AVG_TEMP = 20.727255)

[2025-07-01 20:51:28.723] [WARN] [DataMgr/Thread-1] SENSOR ID: 15 TOO COOL! (AVG_TEMP = 19.429128)

[2025-07-01 20:51:28.723] [WARN] [DataMgr/Thread-1] SENSOR ID: 21 TOO COOL! (AVG_TEMP = 19.750152)

[2025-07-01 20:51:28.723] [WARN] [DataMgr/Thread-1] SENSOR ID: 37 TOO COOL! (AVG_TEMP = 20.776287)

[2025-07-01 20:51:32.327] [WARN] [DataMgr/Thread-1] SENSOR ID: 15 TOO COOL! (AVG_TEMP = 19.349868)

[2025-07-01 20:51:32.327] [WARN] [DataMgr/Thread-1] SENSOR ID: 21 TOO COOL! (AVG_TEMP = 19.631710)

[2025-07-01 20:51:32.327] [WARN] [DataMgr/Thread-1] SENSOR ID: 37 TOO COOL! (AVG_TEMP = 20.764094)

[2025-07-01 20:51:35.931] [WARN] [DataMgr/Thread-1] SENSOR ID: 15 TOO COOL! (AVG_TEMP = 19.317678)

[2025-07-01 20:51:35.931] [WARN] [DataMgr/Thread-1] SENSOR ID: 21 TOO COOL! (AVG_TEMP = 19.512970)

[2025-07-01 20:51:35.931] [WARN] [DataMgr/Thread-1] SENSOR ID: 37 TOO COOL! (AVG_TEMP = 20.736805)

[2025-07-01 20:51:39.535] [WARN] [DataMgr/Thread-1] SENSOR ID: 15 TOO COOL! (AVG_TEMP = 19.336855)

[2025-07-01 20:51:39.535] [WARN] [DataMgr/Thread-1] SENSOR ID: 21 TOO COOL! (AVG_TEMP = 19.469086)

[2025-07-01 20:51:39.535] [WARN] [DataMgr/Thread-1] SENSOR ID: 37 TOO COOL! (AVG_TEMP = 20.741669)

[2025-07-01 20:51:43.139] [WARN] [DataMgr/Thread-1] SENSOR ID: 15 TOO COOL! (AVG_TEMP = 19.360685)

[2025-07-01 20:51:43.139] [WARN] [DataMgr/Thread-1] SENSOR ID: 21 TOO COOL! (AVG_TEMP = 19.488100)

[2025-07-01 20:51:43.139] [WARN] [DataMgr/Thread-1] SENSOR ID: 37 TOO COOL! (AVG_TEMP = 20.773135)

[2025-07-01 20:51:46.743] [WARN] [DataMgr/Thread-1] SENSOR ID: 15 TOO COOL! (AVG_TEMP = 19.454083)

[2025-07-01 20:51:46.743] [WARN] [DataMgr/Thread-1] SENSOR ID: 21 TOO COOL! (AVG_TEMP = 19.536847)

[2025-07-01 20:51:46.743] [WARN] [DataMgr/Thread-1] SENSOR ID: 37 TOO COOL! (AVG_TEMP = 20.768292)

[2025-07-01 20:51:50.347] [WARN] [DataMgr/Thread-1] SENSOR ID: 15 TOO COOL! (AVG_TEMP = 19.527432)

[2025-07-01 20:51:50.347] [WARN] [DataMgr/Thread-1] SENSOR ID: 21 TOO COOL! (AVG_TEMP = 19.620561)

[2025-07-01 20:51:50.347] [WARN] [DataMgr/Thread-1] SENSOR ID: 37 TOO COOL! (AVG_TEMP = 20.831485)

[2025-07-01 20:51:53.951] [WARN] [DataMgr/Thread-1] SENSOR ID: 15 TOO COOL! (AVG_TEMP = 19.610025)

[2025-07-01 20:51:53.951] [WARN] [DataMgr/Thread-1] SENSOR ID: 21 TOO COOL! (AVG_TEMP = 19.725359)

[2025-07-01 20:51:53.951] [WARN] [DataMgr/Thread-1] SENSOR ID: 37 TOO COOL! (AVG_TEMP = 20.908644)

[2025-07-01 20:51:57.554] [WARN] [DataMgr/Thread-1] SENSOR ID: 15 TOO COOL! (AVG_TEMP = 19.629598)

[2025-07-01 20:51:57.555] [WARN] [DataMgr/Thread-1] SENSOR ID: 21 TOO COOL! (AVG_TEMP = 19.818961)

[2025-07-01 20:51:57.555] [WARN] [DataMgr/Thread-1] SENSOR ID: 37 TOO COOL! (AVG_TEMP = 20.955595)

[2025-07-01 20:52:01.158] [WARN] [DataMgr/Thread-1] SENSOR ID: 15 TOO COOL! (AVG_TEMP = 19.660055)

[2025-07-01 20:52:01.159] [WARN] [DataMgr/Thread-1] SENSOR ID: 21 TOO COOL! (AVG_TEMP = 19.840003)

[2025-07-01 20:52:01.159] [WARN] [DataMgr/Thread-1] SENSOR ID: 37 TOO COOL! (AVG_TEMP = 20.921247)

[2025-07-01 20:52:04.762] [WARN] [DataMgr/Thread-1] SENSOR ID: 15 TOO COOL! (AVG_TEMP = 19.615991)

[2025-07-01 20:52:04.763] [WARN] [DataMgr/Thread-1] SENSOR ID: 21 TOO COOL! (AVG_TEMP = 19.887976)

[2025-07-01 20:52:04.763] [WARN] [DataMgr/Thread-1] SENSOR ID: 37 TOO COOL! (AVG_TEMP = 20.937868)

[2025-07-01 20:52:08.366] [WARN] [DataMgr/Thread-1] SENSOR ID: 15 TOO COOL! (AVG_TEMP = 19.603152)

[2025-07-01 20:52:08.367] [WARN] [DataMgr/Thread-1] SENSOR ID: 21 TOO COOL! (AVG_TEMP = 19.945832)

[2025-07-01 20:52:08.367] [WARN] [DataMgr/Thread-1] SENSOR ID: 37 TOO COOL! (AVG_TEMP = 20.955002)

[2025-07-01 20:52:11.970] [WARN] [DataMgr/Thread-1] SENSOR ID: 15 TOO COOL! (AVG_TEMP = 19.554895)

[2025-07-01 20:52:11.970] [WARN] [DataMgr/Thread-1] SENSOR ID: 21 TOO COOL! (AVG_TEMP = 19.945344)

[2025-07-01 20:52:11.971] [WARN] [DataMgr/Thread-1] SENSOR ID: 37 TOO COOL! (AVG_TEMP = 20.961325)

[2025-07-01 20:52:15.574] [WARN] [DataMgr/Thread-1] SENSOR ID: 15 TOO COOL! (AVG_TEMP = 19.507419)

[2025-07-01 20:52:15.575] [WARN] [DataMgr/Thread-1] SENSOR ID: 21 TOO COOL! (AVG_TEMP = 19.964500)

[2025-07-01 20:52:15.575] [WARN] [DataMgr/Thread-1] SENSOR ID: 37 TOO COOL! (AVG_TEMP = 20.904320)

[2025-07-01 20:52:19.178] [WARN] [DataMgr/Thread-1] SENSOR ID: 15 TOO COOL! (AVG_TEMP = 19.413172)

[2025-07-01 20:52:19.179] [WARN] [DataMgr/Thread-1] SENSOR ID: 21 TOO COOL! (AVG_TEMP = 19.978029)

[2025-07-01 20:52:19.179] [WARN] [DataMgr/Thread-1] SENSOR ID: 37 TOO COOL! (AVG_TEMP = 20.863872)

[2025-07-01 20:52:22.782] [WARN] [DataMgr/Thread-1] SENSOR ID: 15 TOO COOL! (AVG_TEMP = 19.359524)

[2025-07-01 20:52:22.782] [WARN] [DataMgr/Thread-1] SENSOR ID: 21 TOO COOL! (AVG_TEMP = 19.943042)

[2025-07-01 20:52:22.783] [WARN] [DataMgr/Thread-1] SENSOR ID: 37 TOO COOL! (AVG_TEMP = 20.817658)

[2025-07-01 20:52:26.386] [WARN] [DataMgr/Thread-1] SENSOR ID: 15 TOO COOL! (AVG_TEMP = 19.287133)

[2025-07-01 20:52:26.386] [WARN] [DataMgr/Thread-1] SENSOR ID: 21 TOO COOL! (AVG_TEMP = 19.861388)

[2025-07-01 20:52:26.386] [WARN] [DataMgr/Thread-1] SENSOR ID: 37 TOO COOL! (AVG_TEMP = 20.743713)

[2025-07-01 20:52:29.990] [WARN] [DataMgr/Thread-1] SENSOR ID: 15 TOO COOL! (AVG_TEMP = 19.259143)

[2025-07-01 20:52:29.990] [WARN] [DataMgr/Thread-1] SENSOR ID: 21 TOO COOL! (AVG_TEMP = 19.778112)

[2025-07-01 20:52:29.990] [WARN] [DataMgr/Thread-1] SENSOR ID: 37 TOO COOL! (AVG_TEMP = 20.719266)

[2025-07-01 20:52:33.594] [WARN] [DataMgr/Thread-1] SENSOR ID: 15 TOO COOL! (AVG_TEMP = 19.229146)

[2025-07-01 20:52:33.594] [WARN] [DataMgr/Thread-1] SENSOR ID: 21 TOO COOL! (AVG_TEMP = 19.664472)

[2025-07-01 20:52:33.594] [WARN] [DataMgr/Thread-1] SENSOR ID: 37 TOO COOL! (AVG_TEMP = 20.776399)

[2025-07-01 20:52:37.198] [WARN] [DataMgr/Thread-1] SENSOR ID: 15 TOO COOL! (AVG_TEMP = 19.178593)

[2025-07-01 20:52:37.198] [WARN] [DataMgr/Thread-1] SENSOR ID: 21 TOO COOL! (AVG_TEMP = 19.609211)

[2025-07-01 20:52:37.198] [WARN] [DataMgr/Thread-1] SENSOR ID: 37 TOO COOL! (AVG_TEMP = 20.831888)

[2025-07-01 20:52:40.802] [WARN] [DataMgr/Thread-1] SENSOR ID: 15 TOO COOL! (AVG_TEMP = 19.127278)

[2025-07-01 20:52:40.802] [WARN] [DataMgr/Thread-1] SENSOR ID: 21 TOO COOL! (AVG_TEMP = 19.587265)

[2025-07-01 20:52:40.802] [WARN] [DataMgr/Thread-1] SENSOR ID: 37 TOO COOL! (AVG_TEMP = 20.901504)

[2025-07-01 20:52:44.406] [WARN] [DataMgr/Thread-1] SENSOR ID: 15 TOO COOL! (AVG_TEMP = 19.094555)

[2025-07-01 20:52:44.406] [WARN] [DataMgr/Thread-1] SENSOR ID: 21 TOO COOL! (AVG_TEMP = 19.618123)

[2025-07-01 20:52:44.406] [WARN] [DataMgr/Thread-1] SENSOR ID: 37 TOO COOL! (AVG_TEMP = 20.917796)

[2025-07-01 20:52:48.010] [WARN] [DataMgr/Thread-1] SENSOR ID: 15 TOO COOL! (AVG_TEMP = 19.006944)

[2025-07-01 20:52:48.010] [WARN] [DataMgr/Thread-1] SENSOR ID: 21 TOO COOL! (AVG_TEMP = 19.642770)

[2025-07-01 20:52:48.010] [WARN] [DataMgr/Thread-1] SENSOR ID: 37 TOO COOL! (AVG_TEMP = 20.939918)

[2025-07-01 20:52:51.614] [WARN] [DataMgr/Thread-1] SENSOR ID: 15 TOO COOL! (AVG_TEMP = 18.927883)

[2025-07-01 20:52:51.614] [WARN] [DataMgr/Thread-1] SENSOR ID: 21 TOO COOL! (AVG_TEMP = 19.657601)

[2025-07-01 20:52:51.614] [WARN] [DataMgr/Thread-1] SENSOR ID: 37 TOO COOL! (AVG_TEMP = 20.951988)

[2025-07-01 20:52:55.218] [WARN] [DataMgr/Thread-1] SENSOR ID: 15 TOO COOL! (AVG_TEMP = 18.867589)

[2025-07-01 20:52:55.218] [WARN] [DataMgr/Thread-1] SENSOR ID: 21 TOO COOL! (AVG_TEMP = 19.660866)

[2025-07-01 20:52:55.218] [WARN] [DataMgr/Thread-1] SENSOR ID: 37 TOO COOL! (AVG_TEMP = 20.973972)

[2025-07-01 20:52:58.822] [WARN] [DataMgr/Thread-1] SENSOR ID: 15 TOO COOL! (AVG_TEMP = 18.809327)

[2025-07-01 20:52:58.822] [WARN] [DataMgr/Thread-1] SENSOR ID: 21 TOO COOL! (AVG_TEMP = 19.667098)

[2025-07-01 20:52:58.822] [WARN] [DataMgr/Thread-1] SENSOR ID: 37 TOO COOL! (AVG_TEMP = 20.916717)

[2025-07-01 20:53:02.426] [WARN] [DataMgr/Thread-1] SENSOR ID: 15 TOO COOL! (AVG_TEMP = 18.788138)

[2025-07-01 20:53:02.426] [WARN] [DataMgr/Thread-1] SENSOR ID: 21 TOO COOL! (AVG_TEMP = 19.639463)

[2025-07-01 20:53:02.426] [WARN] [DataMgr/Thread-1] SENSOR ID: 37 TOO COOL! (AVG_TEMP = 20.933712)

[2025-07-01 20:53:06.029] [WARN] [DataMgr/Thread-1] SENSOR ID: 15 TOO COOL! (AVG_TEMP = 18.789765)

[2025-07-01 20:53:06.030] [WARN] [DataMgr/Thread-1] SENSOR ID: 21 TOO COOL! (AVG_TEMP = 19.612739)

[2025-07-01 20:53:06.030] [WARN] [DataMgr/Thread-1] SENSOR ID: 37 TOO COOL! (AVG_TEMP = 20.950445)

[2025-07-01 20:53:09.633] [WARN] [DataMgr/Thread-1] SENSOR ID: 15 TOO COOL! (AVG_TEMP = 18.779029)

[2025-07-01 20:53:09.634] [WARN] [DataMgr/Thread-1] SENSOR ID: 21 TOO COOL! (AVG_TEMP = 19.631818)

[2025-07-01 20:53:09.634] [WARN] [DataMgr/Thread-1] SENSOR ID: 37 TOO COOL! (AVG_TEMP = 20.945694)

[2025-07-01 20:53:13.237] [WARN] [DataMgr/Thread-1] SENSOR ID: 15 TOO COOL! (AVG_TEMP = 18.794606)

[2025-07-01 20:53:13.238] [WARN] [DataMgr/Thread-1] SENSOR ID: 21 TOO COOL! (AVG_TEMP = 19.598756)

[2025-07-01 20:53:13.238] [WARN] [DataMgr/Thread-1] SENSOR ID: 37 TOO COOL! (AVG_TEMP = 20.968194)

[2025-07-01 20:53:16.841] [WARN] [DataMgr/Thread-1] SENSOR ID: 15 TOO COOL! (AVG_TEMP = 18.825053)

[2025-07-01 20:53:16.841] [WARN] [DataMgr/Thread-1] SENSOR ID: 21 TOO COOL! (AVG_TEMP = 19.577228)

[2025-07-01 20:53:16.842] [WARN] [DataMgr/Thread-1] SENSOR ID: 37 TOO COOL! (AVG_TEMP = 21.046287)

[2025-07-01 20:53:20.445] [WARN] [DataMgr/Thread-1] SENSOR ID: 15 TOO COOL! (AVG_TEMP = 18.818371)

[2025-07-01 20:53:20.445] [WARN] [DataMgr/Thread-1] SENSOR ID: 21 TOO COOL! (AVG_TEMP = 19.529963)

[2025-07-01 20:53:20.445] [WARN] [DataMgr/Thread-1] SENSOR ID: 37 TOO COOL! (AVG_TEMP = 21.050365)

[2025-07-01 20:53:24.049] [WARN] [DataMgr/Thread-1] SENSOR ID: 15 TOO COOL! (AVG_TEMP = 18.849695)

[2025-07-01 20:53:24.049] [WARN] [DataMgr/Thread-1] SENSOR ID: 21 TOO COOL! (AVG_TEMP = 19.556275)

[2025-07-01 20:53:24.049] [WARN] [DataMgr/Thread-1] SENSOR ID: 37 TOO COOL! (AVG_TEMP = 21.029009)

[2025-07-01 20:53:27.653] [WARN] [DataMgr/Thread-1] SENSOR ID: 15 TOO COOL! (AVG_TEMP = 18.932358)

[2025-07-01 20:53:27.653] [WARN] [DataMgr/Thread-1] SENSOR ID: 21 TOO COOL! (AVG_TEMP = 19.556856)

[2025-07-01 20:53:27.653] [WARN] [DataMgr/Thread-1] SENSOR ID: 37 TOO COOL! (AVG_TEMP = 21.022494)

[2025-07-01 20:53:31.257] [WARN] [DataMgr/Thread-1] SENSOR ID: 15 TOO COOL! (AVG_TEMP = 18.960193)

[2025-07-01 20:53:31.257] [WARN] [DataMgr/Thread-1] SENSOR ID: 21 TOO COOL! (AVG_TEMP = 19.634221)

[2025-07-01 20:53:31.257] [WARN] [DataMgr/Thread-1] SENSOR ID: 37 TOO COOL! (AVG_TEMP = 21.014800)

[2025-07-01 20:53:34.859] [WARN] [DataMgr/Thread-1] SENSOR ID: 15 TOO COOL! (AVG_TEMP = 18.990231)

[2025-07-01 20:53:34.860] [WARN] [DataMgr/Thread-1] SENSOR ID: 21 TOO COOL! (AVG_TEMP = 19.649293)

[2025-07-01 20:53:34.860] [WARN] [DataMgr/Thread-1] SENSOR ID: 37 TOO COOL! (AVG_TEMP = 21.027958)

[2025-07-01 20:53:38.463] [WARN] [DataMgr/Thread-1] SENSOR ID: 15 TOO COOL! (AVG_TEMP = 19.048188)

[2025-07-01 20:53:38.464] [WARN] [DataMgr/Thread-1] SENSOR ID: 21 TOO COOL! (AVG_TEMP = 19.702393)

[2025-07-01 20:53:38.464] [WARN] [DataMgr/Thread-1] SENSOR ID: 37 TOO COOL! (AVG_TEMP = 21.090533)

[2025-07-01 20:53:42.067] [WARN] [DataMgr/Thread-1] SENSOR ID: 15 TOO COOL! (AVG_TEMP = 19.068968)

[2025-07-01 20:53:42.068] [WARN] [DataMgr/Thread-1] SENSOR ID: 21 TOO COOL! (AVG_TEMP = 19.687678)

[2025-07-01 20:53:42.068] [WARN] [DataMgr/Thread-1] SENSOR ID: 37 TOO COOL! (AVG_TEMP = 21.148818)

[2025-07-01 20:53:45.671] [WARN] [DataMgr/Thread-1] SENSOR ID: 15 TOO COOL! (AVG_TEMP = 19.088129)

[2025-07-01 20:53:45.672] [WARN] [DataMgr/Thread-1] SENSOR ID: 21 TOO COOL! (AVG_TEMP = 19.641249)

[2025-07-01 20:53:45.672] [WARN] [DataMgr/Thread-1] SENSOR ID: 37 TOO COOL! (AVG_TEMP = 21.195832)

[2025-07-01 20:53:49.275] [WARN] [DataMgr/Thread-1] SENSOR ID: 15 TOO COOL! (AVG_TEMP = 19.117994)

[2025-07-01 20:53:49.275] [WARN] [DataMgr/Thread-1] SENSOR ID: 21 TOO COOL! (AVG_TEMP = 19.578497)

[2025-07-01 20:53:49.276] [WARN] [DataMgr/Thread-1] SENSOR ID: 37 TOO COOL! (AVG_TEMP = 21.278340)

[2025-07-01 20:53:52.879] [WARN] [DataMgr/Thread-1] SENSOR ID: 15 TOO COOL! (AVG_TEMP = 19.096143)

[2025-07-01 20:53:52.879] [WARN] [DataMgr/Thread-1] SENSOR ID: 21 TOO COOL! (AVG_TEMP = 19.588750)

[2025-07-01 20:53:52.879] [WARN] [DataMgr/Thread-1] SENSOR ID: 37 TOO COOL! (AVG_TEMP = 21.287698)

[2025-07-01 20:53:56.483] [WARN] [DataMgr/Thread-1] SENSOR ID: 15 TOO COOL! (AVG_TEMP = 19.033882)

[2025-07-01 20:53:56.483] [WARN] [DataMgr/Thread-1] SENSOR ID: 21 TOO COOL! (AVG_TEMP = 19.579998)

[2025-07-01 20:53:56.484] [WARN] [DataMgr/Thread-1] SENSOR ID: 37 TOO COOL! (AVG_TEMP = 21.266328)

[2025-07-01 20:54:00.087] [WARN] [DataMgr/Thread-1] SENSOR ID: 15 TOO COOL! (AVG_TEMP = 19.005503)

[2025-07-01 20:54:00.087] [WARN] [DataMgr/Thread-1] SENSOR ID: 21 TOO COOL! (AVG_TEMP = 19.654770)

[2025-07-01 20:54:00.087] [WARN] [DataMgr/Thread-1] SENSOR ID: 37 TOO COOL! (AVG_TEMP = 21.286531)

[2025-07-01 20:54:03.691] [WARN] [DataMgr/Thread-1] SENSOR ID: 15 TOO COOL! (AVG_TEMP = 18.945437)

[2025-07-01 20:54:03.691] [WARN] [DataMgr/Thread-1] SENSOR ID: 21 TOO COOL! (AVG_TEMP = 19.750218)

[2025-07-01 20:54:03.691] [WARN] [DataMgr/Thread-1] SENSOR ID: 37 TOO COOL! (AVG_TEMP = 21.317902)

[2025-07-01 20:54:07.295] [WARN] [DataMgr/Thread-1] SENSOR ID: 15 TOO COOL! (AVG_TEMP = 18.890973)

[2025-07-01 20:54:07.295] [WARN] [DataMgr/Thread-1] SENSOR ID: 21 TOO COOL! (AVG_TEMP = 19.797511)

[2025-07-01 20:54:07.296] [WARN] [DataMgr/Thread-1] SENSOR ID: 37 TOO COOL! (AVG_TEMP = 21.346095)

[2025-07-01 20:54:10.899] [WARN] [DataMgr/Thread-1] SENSOR ID: 15 TOO COOL! (AVG_TEMP = 18.892326)

[2025-07-01 20:54:10.900] [WARN] [DataMgr/Thread-1] SENSOR ID: 21 TOO COOL! (AVG_TEMP = 19.777229)

[2025-07-01 20:54:10.900] [WARN] [DataMgr/Thread-1] SENSOR ID: 37 TOO COOL! (AVG_TEMP = 21.424828)

[2025-07-01 20:54:14.503] [WARN] [DataMgr/Thread-1] SENSOR ID: 15 TOO COOL! (AVG_TEMP = 18.931140)

[2025-07-01 20:54:14.504] [WARN] [DataMgr/Thread-1] SENSOR ID: 21 TOO COOL! (AVG_TEMP = 19.778989)

[2025-07-01 20:54:14.504] [WARN] [DataMgr/Thread-1] SENSOR ID: 37 TOO COOL! (AVG_TEMP = 21.523474)

[2025-07-01 20:54:18.107] [WARN] [DataMgr/Thread-1] SENSOR ID: 15 TOO COOL! (AVG_TEMP = 18.967406)

[2025-07-01 20:54:18.108] [WARN] [DataMgr/Thread-1] SENSOR ID: 21 TOO COOL! (AVG_TEMP = 19.727757)

[2025-07-01 20:54:18.108] [WARN] [DataMgr/Thread-1] SENSOR ID: 37 TOO COOL! (AVG_TEMP = 21.565923)

[2025-07-01 20:54:21.711] [WARN] [DataMgr/Thread-1] SENSOR ID: 15 TOO COOL! (AVG_TEMP = 19.052168)

[2025-07-01 20:54:21.712] [WARN] [DataMgr/Thread-1] SENSOR ID: 21 TOO COOL! (AVG_TEMP = 19.619549)

[2025-07-01 20:54:21.712] [WARN] [DataMgr/Thread-1] SENSOR ID: 37 TOO COOL! (AVG_TEMP = 21.633441)

[2025-07-01 20:54:25.315] [WARN] [DataMgr/Thread-1] SENSOR ID: 15 TOO COOL! (AVG_TEMP = 19.210932)

[2025-07-01 20:54:25.315] [WARN] [DataMgr/Thread-1] SENSOR ID: 21 TOO COOL! (AVG_TEMP = 19.500242)

[2025-07-01 20:54:25.316] [WARN] [DataMgr/Thread-1] SENSOR ID: 37 TOO COOL! (AVG_TEMP = 21.669063)

[2025-07-01 20:54:28.919] [WARN] [DataMgr/Thread-1] SENSOR ID: 15 TOO COOL! (AVG_TEMP = 19.350208)

[2025-07-01 20:54:28.919] [WARN] [DataMgr/Thread-1] SENSOR ID: 21 TOO COOL! (AVG_TEMP = 19.392165)

[2025-07-01 20:54:28.920] [WARN] [DataMgr/Thread-1] SENSOR ID: 37 TOO COOL! (AVG_TEMP = 21.672335)

[2025-07-01 20:54:32.523] [WARN] [DataMgr/Thread-1] SENSOR ID: 15 TOO COOL! (AVG_TEMP = 19.505279)

[2025-07-01 20:54:32.523] [WARN] [DataMgr/Thread-1] SENSOR ID: 21 TOO COOL! (AVG_TEMP = 19.281362)

[2025-07-01 20:54:32.524] [WARN] [DataMgr/Thread-1] SENSOR ID: 37 TOO COOL! (AVG_TEMP = 21.658376)

[2025-07-01 20:54:36.127] [WARN] [DataMgr/Thread-1] SENSOR ID: 15 TOO COOL! (AVG_TEMP = 19.592727)

[2025-07-01 20:54:36.127] [WARN] [DataMgr/Thread-1] SENSOR ID: 21 TOO COOL! (AVG_TEMP = 19.190098)

[2025-07-01 20:54:36.128] [WARN] [DataMgr/Thread-1] SENSOR ID: 37 TOO COOL! (AVG_TEMP = 21.690699)

[2025-07-01 20:54:39.731] [WARN] [DataMgr/Thread-1] SENSOR ID: 15 TOO COOL! (AVG_TEMP = 19.628234)

[2025-07-01 20:54:39.731] [WARN] [DataMgr/Thread-1] SENSOR ID: 21 TOO COOL! (AVG_TEMP = 19.169828)

[2025-07-01 20:54:39.732] [WARN] [DataMgr/Thread-1] SENSOR ID: 37 TOO COOL! (AVG_TEMP = 21.711065)

[2025-07-01 20:54:43.335] [WARN] [DataMgr/Thread-1] SENSOR ID: 15 TOO COOL! (AVG_TEMP = 19.652564)

[2025-07-01 20:54:43.335] [WARN] [DataMgr/Thread-1] SENSOR ID: 21 TOO COOL! (AVG_TEMP = 19.189562)

[2025-07-01 20:54:43.335] [WARN] [DataMgr/Thread-1] SENSOR ID: 37 TOO COOL! (AVG_TEMP = 21.770332)

[2025-07-01 20:54:46.939] [WARN] [DataMgr/Thread-1] SENSOR ID: 15 TOO COOL! (AVG_TEMP = 19.617182)

[2025-07-01 20:54:46.939] [WARN] [DataMgr/Thread-1] SENSOR ID: 21 TOO COOL! (AVG_TEMP = 19.171650)

[2025-07-01 20:54:46.939] [WARN] [DataMgr/Thread-1] SENSOR ID: 37 TOO COOL! (AVG_TEMP = 21.803759)

[2025-07-01 20:54:50.543] [WARN] [DataMgr/Thread-1] SENSOR ID: 15 TOO COOL! (AVG_TEMP = 19.522575)

[2025-07-01 20:54:50.543] [WARN] [DataMgr/Thread-1] SENSOR ID: 21 TOO COOL! (AVG_TEMP = 19.170412)

[2025-07-01 20:54:50.543] [WARN] [DataMgr/Thread-1] SENSOR ID: 37 TOO COOL! (AVG_TEMP = 21.803132)

[2025-07-01 20:54:54.147] [WARN] [DataMgr/Thread-1] SENSOR ID: 15 TOO COOL! (AVG_TEMP = 19.513983)

[2025-07-01 20:54:54.147] [WARN] [DataMgr/Thread-1] SENSOR ID: 21 TOO COOL! (AVG_TEMP = 19.129702)

[2025-07-01 20:54:54.147] [WARN] [DataMgr/Thread-1] SENSOR ID: 37 TOO COOL! (AVG_TEMP = 21.811271)

[2025-07-01 20:54:57.751] [WARN] [DataMgr/Thread-1] SENSOR ID: 15 TOO COOL! (AVG_TEMP = 19.501717)

[2025-07-01 20:54:57.751] [WARN] [DataMgr/Thread-1] SENSOR ID: 21 TOO COOL! (AVG_TEMP = 19.108633)

[2025-07-01 20:54:57.751] [WARN] [DataMgr/Thread-1] SENSOR ID: 37 TOO COOL! (AVG_TEMP = 21.808837)

[2025-07-01 20:55:01.355] [WARN] [DataMgr/Thread-1] SENSOR ID: 15 TOO COOL! (AVG_TEMP = 19.491624)

[2025-07-01 20:55:01.355] [WARN] [DataMgr/Thread-1] SENSOR ID: 21 TOO COOL! (AVG_TEMP = 19.114962)

[2025-07-01 20:55:01.355] [WARN] [DataMgr/Thread-1] SENSOR ID: 37 TOO COOL! (AVG_TEMP = 21.723020)

[2025-07-01 20:55:04.959] [WARN] [DataMgr/Thread-1] SENSOR ID: 15 TOO COOL! (AVG_TEMP = 19.483685)

[2025-07-01 20:55:04.959] [WARN] [DataMgr/Thread-1] SENSOR ID: 21 TOO COOL! (AVG_TEMP = 19.172159)

[2025-07-01 20:55:04.959] [WARN] [DataMgr/Thread-1] SENSOR ID: 37 TOO COOL! (AVG_TEMP = 21.683872)

[2025-07-01 20:55:08.563] [WARN] [DataMgr/Thread-1] SENSOR ID: 15 TOO COOL! (AVG_TEMP = 19.520772)

[2025-07-01 20:55:08.563] [WARN] [DataMgr/Thread-1] SENSOR ID: 21 TOO COOL! (AVG_TEMP = 19.244589)

[2025-07-01 20:55:08.563] [WARN] [DataMgr/Thread-1] SENSOR ID: 37 TOO COOL! (AVG_TEMP = 21.641121)

[2025-07-01 20:55:12.167] [WARN] [DataMgr/Thread-1] SENSOR ID: 15 TOO COOL! (AVG_TEMP = 19.469365)

[2025-07-01 20:55:12.167] [WARN] [DataMgr/Thread-1] SENSOR ID: 21 TOO COOL! (AVG_TEMP = 19.332398)

[2025-07-01 20:55:12.167] [WARN] [DataMgr/Thread-1] SENSOR ID: 37 TOO COOL! (AVG_TEMP = 21.530501)

[2025-07-01 20:55:15.771] [WARN] [DataMgr/Thread-1] SENSOR ID: 15 TOO COOL! (AVG_TEMP = 19.425445)

[2025-07-01 20:55:15.771] [WARN] [DataMgr/Thread-1] SENSOR ID: 21 TOO COOL! (AVG_TEMP = 19.422396)

[2025-07-01 20:55:15.771] [WARN] [DataMgr/Thread-1] SENSOR ID: 37 TOO COOL! (AVG_TEMP = 21.443916)

[2025-07-01 20:55:19.375] [WARN] [DataMgr/Thread-1] SENSOR ID: 15 TOO COOL! (AVG_TEMP = 19.305434)

[2025-07-01 20:55:19.375] [WARN] [DataMgr/Thread-1] SENSOR ID: 21 TOO COOL! (AVG_TEMP = 19.512519)

[2025-07-01 20:55:19.375] [WARN] [DataMgr/Thread-1] SENSOR ID: 37 TOO COOL! (AVG_TEMP = 21.355719)

[2025-07-01 20:55:22.979] [WARN] [DataMgr/Thread-1] SENSOR ID: 15 TOO COOL! (AVG_TEMP = 19.214584)

[2025-07-01 20:55:22.979] [WARN] [DataMgr/Thread-1] SENSOR ID: 21 TOO COOL! (AVG_TEMP = 19.642382)

[2025-07-01 20:55:22.979] [WARN] [DataMgr/Thread-1] SENSOR ID: 37 TOO COOL! (AVG_TEMP = 21.316008)

[2025-07-01 20:55:26.582] [WARN] [DataMgr/Thread-1] SENSOR ID: 15 TOO COOL! (AVG_TEMP = 19.078263)

[2025-07-01 20:55:26.583] [WARN] [DataMgr/Thread-1] SENSOR ID: 21 TOO COOL! (AVG_TEMP = 19.784781)

[2025-07-01 20:55:26.583] [WARN] [DataMgr/Thread-1] SENSOR ID: 37 TOO COOL! (AVG_TEMP = 21.363848)

[2025-07-01 20:55:30.186] [WARN] [DataMgr/Thread-1] SENSOR ID: 15 TOO COOL! (AVG_TEMP = 19.030217)

[2025-07-01 20:55:30.187] [WARN] [DataMgr/Thread-1] SENSOR ID: 21 TOO COOL! (AVG_TEMP = 19.948824)

[2025-07-01 20:55:30.187] [WARN] [DataMgr/Thread-1] SENSOR ID: 37 TOO COOL! (AVG_TEMP = 21.425397)

[2025-07-01 20:55:33.790] [WARN] [DataMgr/Thread-1] SENSOR ID: 15 TOO COOL! (AVG_TEMP = 19.028799)

[2025-07-01 20:55:33.791] [WARN] [DataMgr/Thread-1] SENSOR ID: 21 TOO COOL! (AVG_TEMP = 20.111519)

[2025-07-01 20:55:33.791] [WARN] [DataMgr/Thread-1] SENSOR ID: 37 TOO COOL! (AVG_TEMP = 21.408870)

[2025-07-01 20:55:37.394] [WARN] [DataMgr/Thread-1] SENSOR ID: 15 TOO COOL! (AVG_TEMP = 19.034231)

[2025-07-01 20:55:37.395] [WARN] [DataMgr/Thread-1] SENSOR ID: 21 TOO COOL! (AVG_TEMP = 20.246557)

[2025-07-01 20:55:37.395] [WARN] [DataMgr/Thread-1] SENSOR ID: 37 TOO COOL! (AVG_TEMP = 21.453763)

[2025-07-01 20:55:40.998] [WARN] [DataMgr/Thread-1] SENSOR ID: 15 TOO COOL! (AVG_TEMP = 19.103920)

[2025-07-01 20:55:40.998] [WARN] [DataMgr/Thread-1] SENSOR ID: 21 TOO COOL! (AVG_TEMP = 20.345492)

[2025-07-01 20:55:40.999] [WARN] [DataMgr/Thread-1] SENSOR ID: 37 TOO COOL! (AVG_TEMP = 21.487798)

[2025-07-01 20:55:44.602] [WARN] [DataMgr/Thread-1] SENSOR ID: 15 TOO COOL! (AVG_TEMP = 19.244266)

[2025-07-01 20:55:44.602] [WARN] [DataMgr/Thread-1] SENSOR ID: 21 TOO COOL! (AVG_TEMP = 20.396326)

[2025-07-01 20:55:44.602] [WARN] [DataMgr/Thread-1] SENSOR ID: 37 TOO COOL! (AVG_TEMP = 21.480499)

[2025-07-01 20:55:48.206] [WARN] [DataMgr/Thread-1] SENSOR ID: 15 TOO COOL! (AVG_TEMP = 19.390152)

[2025-07-01 20:55:48.206] [WARN] [DataMgr/Thread-1] SENSOR ID: 21 TOO COOL! (AVG_TEMP = 20.475927)

[2025-07-01 20:55:48.206] [WARN] [DataMgr/Thread-1] SENSOR ID: 37 TOO COOL! (AVG_TEMP = 21.531818)

[2025-07-01 20:55:51.810] [WARN] [DataMgr/Thread-1] SENSOR ID: 15 TOO COOL! (AVG_TEMP = 19.464757)

[2025-07-01 20:55:51.810] [WARN] [DataMgr/Thread-1] SENSOR ID: 21 TOO COOL! (AVG_TEMP = 20.513321)

[2025-07-01 20:55:51.810] [WARN] [DataMgr/Thread-1] SENSOR ID: 37 TOO COOL! (AVG_TEMP = 21.612394)

[2025-07-01 20:55:55.414] [WARN] [DataMgr/Thread-1] SENSOR ID: 15 TOO COOL! (AVG_TEMP = 19.616443)

[2025-07-01 20:55:55.414] [WARN] [DataMgr/Thread-1] SENSOR ID: 21 TOO COOL! (AVG_TEMP = 20.597128)

[2025-07-01 20:55:55.414] [WARN] [DataMgr/Thread-1] SENSOR ID: 37 TOO COOL! (AVG_TEMP = 21.670710)

[2025-07-01 20:55:59.018] [WARN] [DataMgr/Thread-1] SENSOR ID: 15 TOO COOL! (AVG_TEMP = 19.682764)

[2025-07-01 20:55:59.018] [WARN] [DataMgr/Thread-1] SENSOR ID: 21 TOO COOL! (AVG_TEMP = 20.704808)

[2025-07-01 20:55:59.018] [WARN] [DataMgr/Thread-1] SENSOR ID: 37 TOO COOL! (AVG_TEMP = 21.655018)

[2025-07-01 20:56:02.622] [WARN] [DataMgr/Thread-1] SENSOR ID: 15 TOO COOL! (AVG_TEMP = 19.694740)

[2025-07-01 20:56:02.622] [WARN] [DataMgr/Thread-1] SENSOR ID: 21 TOO COOL! (AVG_TEMP = 20.846752)

[2025-07-01 20:56:02.622] [WARN] [DataMgr/Thread-1] SENSOR ID: 37 TOO COOL! (AVG_TEMP = 21.595780)

[2025-07-01 20:56:06.226] [WARN] [DataMgr/Thread-1] SENSOR ID: 15 TOO COOL! (AVG_TEMP = 19.676330)

[2025-07-01 20:56:06.226] [WARN] [DataMgr/Thread-1] SENSOR ID: 21 TOO COOL! (AVG_TEMP = 20.945956)

[2025-07-01 20:56:06.226] [WARN] [DataMgr/Thread-1] SENSOR ID: 37 TOO COOL! (AVG_TEMP = 21.468574)

[2025-07-01 20:56:09.830] [WARN] [DataMgr/Thread-1] SENSOR ID: 15 TOO COOL! (AVG_TEMP = 19.672040)

[2025-07-01 20:56:09.830] [WARN] [DataMgr/Thread-1] SENSOR ID: 21 TOO COOL! (AVG_TEMP = 21.084314)

[2025-07-01 20:56:09.830] [WARN] [DataMgr/Thread-1] SENSOR ID: 37 TOO COOL! (AVG_TEMP = 21.371887)

[2025-07-01 20:56:13.434] [WARN] [DataMgr/Thread-1] SENSOR ID: 15 TOO COOL! (AVG_TEMP = 19.646275)

[2025-07-01 20:56:13.434] [WARN] [DataMgr/Thread-1] SENSOR ID: 21 TOO COOL! (AVG_TEMP = 21.222700)

[2025-07-01 20:56:13.434] [WARN] [DataMgr/Thread-1] SENSOR ID: 37 TOO COOL! (AVG_TEMP = 21.279317)

[2025-07-01 20:56:17.038] [WARN] [DataMgr/Thread-1] SENSOR ID: 15 TOO COOL! (AVG_TEMP = 19.634631)

[2025-07-01 20:56:17.038] [WARN] [DataMgr/Thread-1] SENSOR ID: 21 TOO COOL! (AVG_TEMP = 21.343244)

[2025-07-01 20:56:17.038] [WARN] [DataMgr/Thread-1] SENSOR ID: 37 TOO COOL! (AVG_TEMP = 21.236376)

[2025-07-01 20:56:20.642] [WARN] [DataMgr/Thread-1] SENSOR ID: 15 TOO COOL! (AVG_TEMP = 19.599936)

[2025-07-01 20:56:20.642] [WARN] [DataMgr/Thread-1] SENSOR ID: 21 TOO COOL! (AVG_TEMP = 21.439137)

[2025-07-01 20:56:20.642] [WARN] [DataMgr/Thread-1] SENSOR ID: 37 TOO COOL! (AVG_TEMP = 21.206128)

[2025-07-01 20:56:24.246] [WARN] [DataMgr/Thread-1] SENSOR ID: 15 TOO COOL! (AVG_TEMP = 19.533458)

[2025-07-01 20:56:24.246] [WARN] [DataMgr/Thread-1] SENSOR ID: 21 TOO COOL! (AVG_TEMP = 21.529039)

[2025-07-01 20:56:24.246] [WARN] [DataMgr/Thread-1] SENSOR ID: 37 TOO COOL! (AVG_TEMP = 21.226415)

[2025-07-01 20:56:27.849] [WARN] [DataMgr/Thread-1] SENSOR ID: 15 TOO COOL! (AVG_TEMP = 19.460494)

[2025-07-01 20:56:27.850] [WARN] [DataMgr/Thread-1] SENSOR ID: 21 TOO COOL! (AVG_TEMP = 21.542078)

[2025-07-01 20:56:27.850] [WARN] [DataMgr/Thread-1] SENSOR ID: 37 TOO COOL! (AVG_TEMP = 21.252774)

[2025-07-01 20:56:31.453] [WARN] [DataMgr/Thread-1] SENSOR ID: 15 TOO COOL! (AVG_TEMP = 19.345872)

[2025-07-01 20:56:31.454] [WARN] [DataMgr/Thread-1] SENSOR ID: 21 TOO COOL! (AVG_TEMP = 21.489462)

[2025-07-01 20:56:31.454] [WARN] [DataMgr/Thread-1] SENSOR ID: 37 TOO COOL! (AVG_TEMP = 21.311387)

[2025-07-01 20:56:35.055] [WARN] [DataMgr/Thread-1] SENSOR ID: 15 TOO COOL! (AVG_TEMP = 19.261896)

[2025-07-01 20:56:35.056] [WARN] [DataMgr/Thread-1] SENSOR ID: 21 TOO COOL! (AVG_TEMP = 21.418901)

[2025-07-01 20:56:35.056] [WARN] [DataMgr/Thread-1] SENSOR ID: 37 TOO COOL! (AVG_TEMP = 21.314593)

[2025-07-01 20:56:38.659] [WARN] [DataMgr/Thread-1] SENSOR ID: 15 TOO COOL! (AVG_TEMP = 19.242884)

[2025-07-01 20:56:38.660] [WARN] [DataMgr/Thread-1] SENSOR ID: 21 TOO COOL! (AVG_TEMP = 21.396020)

[2025-07-01 20:56:38.660] [WARN] [DataMgr/Thread-1] SENSOR ID: 37 TOO COOL! (AVG_TEMP = 21.389576)

[2025-07-01 20:56:42.263] [WARN] [DataMgr/Thread-1] SENSOR ID: 15 TOO COOL! (AVG_TEMP = 19.233765)

[2025-07-01 20:56:42.264] [WARN] [DataMgr/Thread-1] SENSOR ID: 21 TOO COOL! (AVG_TEMP = 21.427306)

[2025-07-01 20:56:42.264] [WARN] [DataMgr/Thread-1] SENSOR ID: 37 TOO COOL! (AVG_TEMP = 21.459728)

[2025-07-01 20:56:45.867] [WARN] [DataMgr/Thread-1] SENSOR ID: 15 TOO COOL! (AVG_TEMP = 19.295389)

[2025-07-01 20:56:45.868] [WARN] [DataMgr/Thread-1] SENSOR ID: 21 TOO COOL! (AVG_TEMP = 21.504249)

[2025-07-01 20:56:45.868] [WARN] [DataMgr/Thread-1] SENSOR ID: 37 TOO COOL! (AVG_TEMP = 21.479852)

[2025-07-01 20:56:49.471] [WARN] [DataMgr/Thread-1] SENSOR ID: 15 TOO COOL! (AVG_TEMP = 19.408290)

[2025-07-01 20:56:49.472] [WARN] [DataMgr/Thread-1] SENSOR ID: 21 TOO COOL! (AVG_TEMP = 21.621331)

[2025-07-01 20:56:49.472] [WARN] [DataMgr/Thread-1] SENSOR ID: 37 TOO COOL! (AVG_TEMP = 21.426103)

[2025-07-01 20:56:53.075] [WARN] [DataMgr/Thread-1] SENSOR ID: 15 TOO COOL! (AVG_TEMP = 19.529827)

[2025-07-01 20:56:53.076] [WARN] [DataMgr/Thread-1] SENSOR ID: 21 TOO COOL! (AVG_TEMP = 21.766904)

[2025-07-01 20:56:53.076] [WARN] [DataMgr/Thread-1] SENSOR ID: 37 TOO COOL! (AVG_TEMP = 21.404935)

[2025-07-01 20:56:56.679] [WARN] [DataMgr/Thread-1] SENSOR ID: 15 TOO COOL! (AVG_TEMP = 19.600351)

[2025-07-01 20:56:56.680] [WARN] [DataMgr/Thread-1] SENSOR ID: 21 TOO COOL! (AVG_TEMP = 21.842074)

[2025-07-01 20:56:56.680] [WARN] [DataMgr/Thread-1] SENSOR ID: 37 TOO COOL! (AVG_TEMP = 21.340421)

[2025-07-01 20:57:00.283] [WARN] [DataMgr/Thread-1] SENSOR ID: 15 TOO COOL! (AVG_TEMP = 19.659557)

[2025-07-01 20:57:00.283] [WARN] [DataMgr/Thread-1] SENSOR ID: 21 TOO COOL! (AVG_TEMP = 21.904705)

[2025-07-01 20:57:00.283] [WARN] [DataMgr/Thread-1] SENSOR ID: 37 TOO COOL! (AVG_TEMP = 21.267584)

[2025-07-01 20:57:03.887] [WARN] [DataMgr/Thread-1] SENSOR ID: 15 TOO COOL! (AVG_TEMP = 19.688369)

[2025-07-01 20:57:03.887] [WARN] [DataMgr/Thread-1] SENSOR ID: 21 TOO COOL! (AVG_TEMP = 21.991857)

[2025-07-01 20:57:03.887] [WARN] [DataMgr/Thread-1] SENSOR ID: 37 TOO COOL! (AVG_TEMP = 21.188641)

[2025-07-01 20:57:07.491] [WARN] [DataMgr/Thread-1] SENSOR ID: 15 TOO COOL! (AVG_TEMP = 19.676799)

[2025-07-01 20:57:07.491] [WARN] [DataMgr/Thread-1] SENSOR ID: 21 TOO COOL! (AVG_TEMP = 22.102908)

[2025-07-01 20:57:07.491] [WARN] [DataMgr/Thread-1] SENSOR ID: 37 TOO COOL! (AVG_TEMP = 21.112607)

[2025-07-01 20:57:11.095] [WARN] [DataMgr/Thread-1] SENSOR ID: 15 TOO COOL! (AVG_TEMP = 19.625044)

[2025-07-01 20:57:11.095] [WARN] [DataMgr/Thread-1] SENSOR ID: 21 TOO COOL! (AVG_TEMP = 22.213694)

[2025-07-01 20:57:11.095] [WARN] [DataMgr/Thread-1] SENSOR ID: 37 TOO COOL! (AVG_TEMP = 21.080459)

[2025-07-01 20:57:14.699] [WARN] [DataMgr/Thread-1] SENSOR ID: 15 TOO COOL! (AVG_TEMP = 19.571178)

[2025-07-01 20:57:14.699] [WARN] [DataMgr/Thread-1] SENSOR ID: 21 TOO COOL! (AVG_TEMP = 22.357240)

[2025-07-01 20:57:14.699] [WARN] [DataMgr/Thread-1] SENSOR ID: 37 TOO COOL! (AVG_TEMP = 21.034865)

[2025-07-01 20:57:18.303] [WARN] [DataMgr/Thread-1] SENSOR ID: 15 TOO COOL! (AVG_TEMP = 19.540812)

[2025-07-01 20:57:18.303] [WARN] [DataMgr/Thread-1] SENSOR ID: 21 TOO COOL! (AVG_TEMP = 22.493444)

[2025-07-01 20:57:18.303] [WARN] [DataMgr/Thread-1] SENSOR ID: 37 TOO COOL! (AVG_TEMP = 21.017913)

[2025-07-01 20:57:21.907] [WARN] [DataMgr/Thread-1] SENSOR ID: 15 TOO COOL! (AVG_TEMP = 19.498507)

[2025-07-01 20:57:21.907] [WARN] [DataMgr/Thread-1] SENSOR ID: 21 TOO COOL! (AVG_TEMP = 22.571882)

[2025-07-01 20:57:21.907] [WARN] [DataMgr/Thread-1] SENSOR ID: 37 TOO COOL! (AVG_TEMP = 21.028044)

[2025-07-01 20:57:25.511] [WARN] [DataMgr/Thread-1] SENSOR ID: 15 TOO COOL! (AVG_TEMP = 19.433900)

[2025-07-01 20:57:25.511] [WARN] [DataMgr/Thread-1] SENSOR ID: 21 TOO COOL! (AVG_TEMP = 22.636557)

[2025-07-01 20:57:25.511] [WARN] [DataMgr/Thread-1] SENSOR ID: 37 TOO COOL! (AVG_TEMP = 21.078057)

[2025-07-01 20:57:29.115] [WARN] [DataMgr/Thread-1] SENSOR ID: 15 TOO COOL! (AVG_TEMP = 19.354556)

[2025-07-01 20:57:29.115] [WARN] [DataMgr/Thread-1] SENSOR ID: 21 TOO COOL! (AVG_TEMP = 22.675587)

[2025-07-01 20:57:29.115] [WARN] [DataMgr/Thread-1] SENSOR ID: 37 TOO COOL! (AVG_TEMP = 21.071161)

[2025-07-01 20:57:32.719] [WARN] [DataMgr/Thread-1] SENSOR ID: 15 TOO COOL! (AVG_TEMP = 19.276907)

[2025-07-01 20:57:32.719] [WARN] [DataMgr/Thread-1] SENSOR ID: 21 TOO COOL! (AVG_TEMP = 22.744588)

[2025-07-01 20:57:32.719] [WARN] [DataMgr/Thread-1] SENSOR ID: 37 TOO COOL! (AVG_TEMP = 21.129136)

[2025-07-01 20:57:36.323] [WARN] [DataMgr/Thread-1] SENSOR ID: 15 TOO COOL! (AVG_TEMP = 19.190935)

[2025-07-01 20:57:36.323] [WARN] [DataMgr/Thread-1] SENSOR ID: 21 TOO COOL! (AVG_TEMP = 22.755597)

[2025-07-01 20:57:36.323] [WARN] [DataMgr/Thread-1] SENSOR ID: 37 TOO COOL! (AVG_TEMP = 21.203054)

[2025-07-01 20:57:39.926] [WARN] [DataMgr/Thread-1] SENSOR ID: 15 TOO COOL! (AVG_TEMP = 19.102060)

[2025-07-01 20:57:39.927] [WARN] [DataMgr/Thread-1] SENSOR ID: 21 TOO COOL! (AVG_TEMP = 22.816435)

[2025-07-01 20:57:39.927] [WARN] [DataMgr/Thread-1] SENSOR ID: 37 TOO COOL! (AVG_TEMP = 21.319753)

[2025-07-01 20:57:43.530] [WARN] [DataMgr/Thread-1] SENSOR ID: 15 TOO COOL! (AVG_TEMP = 19.009554)

[2025-07-01 20:57:43.531] [WARN] [DataMgr/Thread-1] SENSOR ID: 21 TOO COOL! (AVG_TEMP = 22.823040)

[2025-07-01 20:57:43.531] [WARN] [DataMgr/Thread-1] SENSOR ID: 37 TOO COOL! (AVG_TEMP = 21.479673)

[2025-07-01 20:57:47.134] [WARN] [DataMgr/Thread-1] SENSOR ID: 15 TOO COOL! (AVG_TEMP = 18.943559)

[2025-07-01 20:57:47.135] [WARN] [DataMgr/Thread-1] SENSOR ID: 21 TOO COOL! (AVG_TEMP = 22.822196)

[2025-07-01 20:57:47.135] [WARN] [DataMgr/Thread-1] SENSOR ID: 37 TOO COOL! (AVG_TEMP = 21.690291)

[2025-07-01 20:57:50.738] [WARN] [DataMgr/Thread-1] SENSOR ID: 15 TOO COOL! (AVG_TEMP = 18.932587)

[2025-07-01 20:57:50.738] [WARN] [DataMgr/Thread-1] SENSOR ID: 21 TOO COOL! (AVG_TEMP = 22.821004)

[2025-07-01 20:57:50.739] [WARN] [DataMgr/Thread-1] SENSOR ID: 37 TOO COOL! (AVG_TEMP = 21.888391)

[2025-07-01 20:57:54.342] [WARN] [DataMgr/Thread-1] SENSOR ID: 15 TOO COOL! (AVG_TEMP = 18.952295)

[2025-07-01 20:57:54.342] [WARN] [DataMgr/Thread-1] SENSOR ID: 21 TOO COOL! (AVG_TEMP = 22.832499)

[2025-07-01 20:57:54.342] [WARN] [DataMgr/Thread-1] SENSOR ID: 37 TOO COOL! (AVG_TEMP = 22.010078)

[2025-07-01 20:57:57.946] [WARN] [DataMgr/Thread-1] SENSOR ID: 15 TOO COOL! (AVG_TEMP = 18.969502)

[2025-07-01 20:57:57.947] [WARN] [DataMgr/Thread-1] SENSOR ID: 21 TOO COOL! (AVG_TEMP = 22.801885)

[2025-07-01 20:57:57.947] [WARN] [DataMgr/Thread-1] SENSOR ID: 37 TOO COOL! (AVG_TEMP = 22.089362)

[2025-07-01 20:58:01.550] [WARN] [DataMgr/Thread-1] SENSOR ID: 15 TOO COOL! (AVG_TEMP = 19.058214)

[2025-07-01 20:58:01.550] [WARN] [DataMgr/Thread-1] SENSOR ID: 21 TOO COOL! (AVG_TEMP = 22.755639)

[2025-07-01 20:58:01.551] [WARN] [DataMgr/Thread-1] SENSOR ID: 37 TOO COOL! (AVG_TEMP = 22.171307)

[2025-07-01 20:58:05.154] [WARN] [DataMgr/Thread-1] SENSOR ID: 15 TOO COOL! (AVG_TEMP = 19.129892)

[2025-07-01 20:58:05.154] [WARN] [DataMgr/Thread-1] SENSOR ID: 21 TOO COOL! (AVG_TEMP = 22.705422)

[2025-07-01 20:58:05.154] [WARN] [DataMgr/Thread-1] SENSOR ID: 37 TOO COOL! (AVG_TEMP = 22.206460)

[2025-07-01 20:58:08.758] [WARN] [DataMgr/Thread-1] SENSOR ID: 15 TOO COOL! (AVG_TEMP = 19.204247)

[2025-07-01 20:58:08.758] [WARN] [DataMgr/Thread-1] SENSOR ID: 21 TOO COOL! (AVG_TEMP = 22.607775)

[2025-07-01 20:58:08.758] [WARN] [DataMgr/Thread-1] SENSOR ID: 37 TOO COOL! (AVG_TEMP = 22.243616)

[2025-07-01 20:58:12.362] [WARN] [DataMgr/Thread-1] SENSOR ID: 15 TOO COOL! (AVG_TEMP = 19.292119)

[2025-07-01 20:58:12.362] [WARN] [DataMgr/Thread-1] SENSOR ID: 21 TOO COOL! (AVG_TEMP = 22.563819)

[2025-07-01 20:58:12.362] [WARN] [DataMgr/Thread-1] SENSOR ID: 37 TOO COOL! (AVG_TEMP = 22.282239)

[2025-07-01 20:58:15.966] [WARN] [DataMgr/Thread-1] SENSOR ID: 15 TOO COOL! (AVG_TEMP = 19.330925)

[2025-07-01 20:58:15.966] [WARN] [DataMgr/Thread-1] SENSOR ID: 21 TOO COOL! (AVG_TEMP = 22.585926)

[2025-07-01 20:58:15.966] [WARN] [DataMgr/Thread-1] SENSOR ID: 37 TOO COOL! (AVG_TEMP = 22.364315)

[2025-07-01 20:58:19.570] [WARN] [DataMgr/Thread-1] SENSOR ID: 15 TOO COOL! (AVG_TEMP = 19.371066)

[2025-07-01 20:58:19.570] [WARN] [DataMgr/Thread-1] SENSOR ID: 21 TOO COOL! (AVG_TEMP = 22.654582)

[2025-07-01 20:58:19.570] [WARN] [DataMgr/Thread-1] SENSOR ID: 37 TOO COOL! (AVG_TEMP = 22.408840)

[2025-07-01 20:58:23.173] [WARN] [DataMgr/Thread-1] SENSOR ID: 15 TOO COOL! (AVG_TEMP = 19.443076)

[2025-07-01 20:58:23.174] [WARN] [DataMgr/Thread-1] SENSOR ID: 21 TOO COOL! (AVG_TEMP = 22.712953)

[2025-07-01 20:58:23.174] [WARN] [DataMgr/Thread-1] SENSOR ID: 37 TOO COOL! (AVG_TEMP = 22.449095)

[2025-07-01 20:58:26.777] [WARN] [DataMgr/Thread-1] SENSOR ID: 15 TOO COOL! (AVG_TEMP = 19.486517)

[2025-07-01 20:58:26.778] [WARN] [DataMgr/Thread-1] SENSOR ID: 21 TOO COOL! (AVG_TEMP = 22.809956)

[2025-07-01 20:58:26.778] [WARN] [DataMgr/Thread-1] SENSOR ID: 37 TOO COOL! (AVG_TEMP = 22.412600)

[2025-07-01 20:58:30.381] [WARN] [DataMgr/Thread-1] SENSOR ID: 15 TOO COOL! (AVG_TEMP = 19.525566)

[2025-07-01 20:58:30.382] [WARN] [DataMgr/Thread-1] SENSOR ID: 21 TOO COOL! (AVG_TEMP = 22.875276)

[2025-07-01 20:58:30.382] [WARN] [DataMgr/Thread-1] SENSOR ID: 37 TOO COOL! (AVG_TEMP = 22.375974)

[2025-07-01 20:58:33.985] [WARN] [DataMgr/Thread-1] SENSOR ID: 15 TOO COOL! (AVG_TEMP = 19.604686)

[2025-07-01 20:58:33.985] [WARN] [DataMgr/Thread-1] SENSOR ID: 21 TOO COOL! (AVG_TEMP = 22.911744)

[2025-07-01 20:58:33.986] [WARN] [DataMgr/Thread-1] SENSOR ID: 37 TOO COOL! (AVG_TEMP = 22.316016)

[2025-07-01 20:58:37.589] [WARN] [DataMgr/Thread-1] SENSOR ID: 15 TOO COOL! (AVG_TEMP = 19.641226)

[2025-07-01 20:58:37.589] [WARN] [DataMgr/Thread-1] SENSOR ID: 21 TOO COOL! (AVG_TEMP = 22.976566)

[2025-07-01 20:58:37.590] [WARN] [DataMgr/Thread-1] SENSOR ID: 37 TOO COOL! (AVG_TEMP = 22.199128)

[2025-07-01 20:58:41.193] [WARN] [DataMgr/Thread-1] SENSOR ID: 15 TOO COOL! (AVG_TEMP = 19.632815)

[2025-07-01 20:58:41.193] [WARN] [DataMgr/Thread-1] SENSOR ID: 21 TOO COOL! (AVG_TEMP = 23.046256)

[2025-07-01 20:58:41.193] [WARN] [DataMgr/Thread-1] SENSOR ID: 37 TOO COOL! (AVG_TEMP = 22.104036)

[2025-07-01 20:58:44.797] [WARN] [DataMgr/Thread-1] SENSOR ID: 15 TOO COOL! (AVG_TEMP = 19.661734)

[2025-07-01 20:58:44.797] [WARN] [DataMgr/Thread-1] SENSOR ID: 21 TOO COOL! (AVG_TEMP = 23.106120)

[2025-07-01 20:58:44.797] [WARN] [DataMgr/Thread-1] SENSOR ID: 37 TOO COOL! (AVG_TEMP = 22.002644)

[2025-07-01 20:58:48.401] [WARN] [DataMgr/Thread-1] SENSOR ID: 15 TOO COOL! (AVG_TEMP = 19.665654)

[2025-07-01 20:58:48.401] [WARN] [DataMgr/Thread-1] SENSOR ID: 21 TOO COOL! (AVG_TEMP = 23.125032)

[2025-07-01 20:58:48.401] [WARN] [DataMgr/Thread-1] SENSOR ID: 37 TOO COOL! (AVG_TEMP = 21.923039)

[2025-07-01 20:58:52.005] [WARN] [DataMgr/Thread-1] SENSOR ID: 15 TOO COOL! (AVG_TEMP = 19.721212)

[2025-07-01 20:58:52.005] [WARN] [DataMgr/Thread-1] SENSOR ID: 21 TOO COOL! (AVG_TEMP = 23.136368)

[2025-07-01 20:58:52.005] [WARN] [DataMgr/Thread-1] SENSOR ID: 37 TOO COOL! (AVG_TEMP = 21.813514)

[2025-07-01 20:58:55.609] [WARN] [DataMgr/Thread-1] SENSOR ID: 15 TOO COOL! (AVG_TEMP = 19.742982)

[2025-07-01 20:58:55.609] [WARN] [DataMgr/Thread-1] SENSOR ID: 21 TOO COOL! (AVG_TEMP = 23.137205)

[2025-07-01 20:58:55.609] [WARN] [DataMgr/Thread-1] SENSOR ID: 37 TOO COOL! (AVG_TEMP = 21.733191)

[2025-07-01 20:58:59.213] [WARN] [DataMgr/Thread-1] SENSOR ID: 15 TOO COOL! (AVG_TEMP = 19.813791)

[2025-07-01 20:58:59.213] [WARN] [DataMgr/Thread-1] SENSOR ID: 21 TOO COOL! (AVG_TEMP = 23.198549)

[2025-07-01 20:58:59.213] [WARN] [DataMgr/Thread-1] SENSOR ID: 37 TOO COOL! (AVG_TEMP = 21.671426)

[2025-07-01 20:59:02.817] [WARN] [DataMgr/Thread-1] SENSOR ID: 15 TOO COOL! (AVG_TEMP = 19.882919)

[2025-07-01 20:59:02.817] [WARN] [DataMgr/Thread-1] SENSOR ID: 21 TOO COOL! (AVG_TEMP = 23.218565)

[2025-07-01 20:59:02.817] [WARN] [DataMgr/Thread-1] SENSOR ID: 37 TOO COOL! (AVG_TEMP = 21.683581)

[2025-07-01 20:59:06.421] [WARN] [DataMgr/Thread-1] SENSOR ID: 15 TOO COOL! (AVG_TEMP = 19.946394)

[2025-07-01 20:59:06.421] [WARN] [DataMgr/Thread-1] SENSOR ID: 21 TOO COOL! (AVG_TEMP = 23.241276)

[2025-07-01 20:59:06.421] [WARN] [DataMgr/Thread-1] SENSOR ID: 37 TOO COOL! (AVG_TEMP = 21.727913)

[2025-07-01 20:59:10.025] [WARN] [DataMgr/Thread-1] SENSOR ID: 15 TOO COOL! (AVG_TEMP = 19.969604)

[2025-07-01 20:59:10.025] [WARN] [DataMgr/Thread-1] SENSOR ID: 21 TOO COOL! (AVG_TEMP = 23.231976)

[2025-07-01 20:59:10.025] [WARN] [DataMgr/Thread-1] SENSOR ID: 37 TOO COOL! (AVG_TEMP = 21.746034)

[2025-07-01 20:59:13.628] [WARN] [DataMgr/Thread-1] SENSOR ID: 15 TOO COOL! (AVG_TEMP = 20.003388)

[2025-07-01 20:59:13.629] [WARN] [DataMgr/Thread-1] SENSOR ID: 21 TOO COOL! (AVG_TEMP = 23.154430)

[2025-07-01 20:59:13.629] [WARN] [DataMgr/Thread-1] SENSOR ID: 37 TOO COOL! (AVG_TEMP = 21.782091)

[2025-07-01 20:59:17.232] [WARN] [DataMgr/Thread-1] SENSOR ID: 15 TOO COOL! (AVG_TEMP = 20.066079)

[2025-07-01 20:59:17.233] [WARN] [DataMgr/Thread-1] SENSOR ID: 21 TOO COOL! (AVG_TEMP = 22.990078)

[2025-07-01 20:59:17.233] [WARN] [DataMgr/Thread-1] SENSOR ID: 37 TOO COOL! (AVG_TEMP = 21.849838)

[2025-07-01 20:59:20.836] [WARN] [DataMgr/Thread-1] SENSOR ID: 15 TOO COOL! (AVG_TEMP = 20.072692)

[2025-07-01 20:59:20.837] [WARN] [DataMgr/Thread-1] SENSOR ID: 21 TOO COOL! (AVG_TEMP = 22.893108)

[2025-07-01 20:59:20.837] [WARN] [DataMgr/Thread-1] SENSOR ID: 37 TOO COOL! (AVG_TEMP = 21.853183)

[2025-07-01 20:59:24.440] [WARN] [DataMgr/Thread-1] SENSOR ID: 15 TOO COOL! (AVG_TEMP = 20.087201)

[2025-07-01 20:59:24.440] [WARN] [DataMgr/Thread-1] SENSOR ID: 21 TOO COOL! (AVG_TEMP = 22.874018)

[2025-07-01 20:59:24.441] [WARN] [DataMgr/Thread-1] SENSOR ID: 37 TOO COOL! (AVG_TEMP = 21.801919)

[2025-07-01 20:59:28.044] [WARN] [DataMgr/Thread-1] SENSOR ID: 15 TOO COOL! (AVG_TEMP = 20.067263)

[2025-07-01 20:59:28.044] [WARN] [DataMgr/Thread-1] SENSOR ID: 21 TOO COOL! (AVG_TEMP = 22.860470)

[2025-07-01 20:59:28.044] [WARN] [DataMgr/Thread-1] SENSOR ID: 37 TOO COOL! (AVG_TEMP = 21.791317)

[2025-07-01 20:59:31.648] [WARN] [DataMgr/Thread-1] SENSOR ID: 15 TOO COOL! (AVG_TEMP = 20.041218)

[2025-07-01 20:59:31.648] [WARN] [DataMgr/Thread-1] SENSOR ID: 21 TOO COOL! (AVG_TEMP = 22.880777)

[2025-07-01 20:59:31.648] [WARN] [DataMgr/Thread-1] SENSOR ID: 37 TOO COOL! (AVG_TEMP = 21.799940)

[2025-07-01 20:59:35.252] [WARN] [DataMgr/Thread-1] SENSOR ID: 15 TOO COOL! (AVG_TEMP = 19.979502)

[2025-07-01 20:59:35.252] [WARN] [DataMgr/Thread-1] SENSOR ID: 21 TOO COOL! (AVG_TEMP = 22.982307)

[2025-07-01 20:59:35.252] [WARN] [DataMgr/Thread-1] SENSOR ID: 37 TOO COOL! (AVG_TEMP = 21.742743)

[2025-07-01 20:59:38.856] [WARN] [DataMgr/Thread-1] SENSOR ID: 15 TOO COOL! (AVG_TEMP = 19.978181)

[2025-07-01 20:59:38.856] [WARN] [DataMgr/Thread-1] SENSOR ID: 21 TOO COOL! (AVG_TEMP = 22.992736)

[2025-07-01 20:59:38.856] [WARN] [DataMgr/Thread-1] SENSOR ID: 37 TOO COOL! (AVG_TEMP = 21.695654)

[2025-07-01 20:59:42.460] [WARN] [DataMgr/Thread-1] SENSOR ID: 15 TOO COOL! (AVG_TEMP = 19.948183)

[2025-07-01 20:59:42.460] [WARN] [DataMgr/Thread-1] SENSOR ID: 21 TOO COOL! (AVG_TEMP = 22.953487)

[2025-07-01 20:59:42.460] [WARN] [DataMgr/Thread-1] SENSOR ID: 37 TOO COOL! (AVG_TEMP = 21.692369)

[2025-07-01 20:59:46.064] [WARN] [DataMgr/Thread-1] SENSOR ID: 15 TOO COOL! (AVG_TEMP = 19.981970)

[2025-07-01 20:59:46.064] [WARN] [DataMgr/Thread-1] SENSOR ID: 21 TOO COOL! (AVG_TEMP = 22.906123)

[2025-07-01 20:59:46.064] [WARN] [DataMgr/Thread-1] SENSOR ID: 37 TOO COOL! (AVG_TEMP = 21.683592)

[2025-07-01 20:59:49.668] [WARN] [DataMgr/Thread-1] SENSOR ID: 15 TOO COOL! (AVG_TEMP = 20.049059)

[2025-07-01 20:59:49.668] [WARN] [DataMgr/Thread-1] SENSOR ID: 21 TOO COOL! (AVG_TEMP = 22.882233)

[2025-07-01 20:59:49.668] [WARN] [DataMgr/Thread-1] SENSOR ID: 37 TOO COOL! (AVG_TEMP = 21.643406)

[2025-07-01 20:59:53.272] [WARN] [DataMgr/Thread-1] SENSOR ID: 15 TOO COOL! (AVG_TEMP = 20.086362)

[2025-07-01 20:59:53.272] [WARN] [DataMgr/Thread-1] SENSOR ID: 21 TOO COOL! (AVG_TEMP = 22.774204)

[2025-07-01 20:59:53.272] [WARN] [DataMgr/Thread-1] SENSOR ID: 37 TOO COOL! (AVG_TEMP = 21.647656)

[2025-07-01 20:59:56.876] [WARN] [DataMgr/Thread-1] SENSOR ID: 15 TOO COOL! (AVG_TEMP = 20.107182)

[2025-07-01 20:59:56.876] [WARN] [DataMgr/Thread-1] SENSOR ID: 21 TOO COOL! (AVG_TEMP = 22.661456)

[2025-07-01 20:59:56.876] [WARN] [DataMgr/Thread-1] SENSOR ID: 37 TOO COOL! (AVG_TEMP = 21.706061)

[2025-07-01 21:00:00.480] [WARN] [DataMgr/Thread-1] SENSOR ID: 15 TOO COOL! (AVG_TEMP = 20.102831)

[2025-07-01 21:00:00.480] [WARN] [DataMgr/Thread-1] SENSOR ID: 21 TOO COOL! (AVG_TEMP = 22.568699)

[2025-07-01 21:00:00.480] [WARN] [DataMgr/Thread-1] SENSOR ID: 37 TOO COOL! (AVG_TEMP = 21.762619)

[2025-07-01 21:00:04.084] [WARN] [DataMgr/Thread-1] SENSOR ID: 15 TOO COOL! (AVG_TEMP = 20.084213)

[2025-07-01 21:00:04.084] [WARN] [DataMgr/Thread-1] SENSOR ID: 21 TOO COOL! (AVG_TEMP = 22.457714)

[2025-07-01 21:00:04.084] [WARN] [DataMgr/Thread-1] SENSOR ID: 37 TOO COOL! (AVG_TEMP = 21.823053)

[2025-07-01 21:00:07.688] [WARN] [DataMgr/Thread-1] SENSOR ID: 15 TOO COOL! (AVG_TEMP = 20.062033)

[2025-07-01 21:00:07.688] [WARN] [DataMgr/Thread-1] SENSOR ID: 21 TOO COOL! (AVG_TEMP = 22.308443)

[2025-07-01 21:00:07.688] [WARN] [DataMgr/Thread-1] SENSOR ID: 37 TOO COOL! (AVG_TEMP = 21.937732)

[2025-07-01 21:00:11.292] [WARN] [DataMgr/Thread-1] SENSOR ID: 15 TOO COOL! (AVG_TEMP = 20.055220)

[2025-07-01 21:00:11.292] [WARN] [DataMgr/Thread-1] SENSOR ID: 21 TOO COOL! (AVG_TEMP = 22.209916)

[2025-07-01 21:00:11.292] [WARN] [DataMgr/Thread-1] SENSOR ID: 37 TOO COOL! (AVG_TEMP = 22.072140)

[2025-07-01 21:00:14.895] [WARN] [DataMgr/Thread-1] SENSOR ID: 15 TOO COOL! (AVG_TEMP = 20.061141)

[2025-07-01 21:00:14.896] [WARN] [DataMgr/Thread-1] SENSOR ID: 21 TOO COOL! (AVG_TEMP = 22.130146)

[2025-07-01 21:00:14.896] [WARN] [DataMgr/Thread-1] SENSOR ID: 37 TOO COOL! (AVG_TEMP = 22.208468)

[2025-07-01 21:00:18.499] [WARN] [DataMgr/Thread-1] SENSOR ID: 15 TOO COOL! (AVG_TEMP = 20.070574)

[2025-07-01 21:00:18.500] [WARN] [DataMgr/Thread-1] SENSOR ID: 21 TOO COOL! (AVG_TEMP = 22.018820)

[2025-07-01 21:00:18.500] [WARN] [DataMgr/Thread-1] SENSOR ID: 37 TOO COOL! (AVG_TEMP = 22.376005)

[2025-07-01 21:00:22.103] [WARN] [DataMgr/Thread-1] SENSOR ID: 15 TOO COOL! (AVG_TEMP = 20.062604)

[2025-07-01 21:00:22.104] [WARN] [DataMgr/Thread-1] SENSOR ID: 21 TOO COOL! (AVG_TEMP = 21.956856)

[2025-07-01 21:00:22.104] [WARN] [DataMgr/Thread-1] SENSOR ID: 37 TOO COOL! (AVG_TEMP = 22.524138)

[2025-07-01 21:00:25.707] [WARN] [DataMgr/Thread-1] SENSOR ID: 15 TOO COOL! (AVG_TEMP = 20.073633)

[2025-07-01 21:00:25.708] [WARN] [DataMgr/Thread-1] SENSOR ID: 21 TOO COOL! (AVG_TEMP = 21.928976)

[2025-07-01 21:00:25.708] [WARN] [DataMgr/Thread-1] SENSOR ID: 37 TOO COOL! (AVG_TEMP = 22.605813)

[2025-07-01 21:00:29.311] [WARN] [DataMgr/Thread-1] SENSOR ID: 15 TOO COOL! (AVG_TEMP = 20.053630)

[2025-07-01 21:00:29.312] [WARN] [DataMgr/Thread-1] SENSOR ID: 21 TOO COOL! (AVG_TEMP = 21.905203)

[2025-07-01 21:00:29.312] [WARN] [DataMgr/Thread-1] SENSOR ID: 37 TOO COOL! (AVG_TEMP = 22.669630)

[2025-07-01 21:00:32.915] [WARN] [DataMgr/Thread-1] SENSOR ID: 15 TOO COOL! (AVG_TEMP = 19.991112)

[2025-07-01 21:00:32.916] [WARN] [DataMgr/Thread-1] SENSOR ID: 21 TOO COOL! (AVG_TEMP = 21.875792)

[2025-07-01 21:00:32.916] [WARN] [DataMgr/Thread-1] SENSOR ID: 37 TOO COOL! (AVG_TEMP = 22.737742)

[2025-07-01 21:00:36.519] [WARN] [DataMgr/Thread-1] SENSOR ID: 15 TOO COOL! (AVG_TEMP = 19.951167)

[2025-07-01 21:00:36.519] [WARN] [DataMgr/Thread-1] SENSOR ID: 21 TOO COOL! (AVG_TEMP = 21.887818)

[2025-07-01 21:00:36.520] [WARN] [DataMgr/Thread-1] SENSOR ID: 37 TOO COOL! (AVG_TEMP = 22.739761)

[2025-07-01 21:00:40.123] [WARN] [DataMgr/Thread-1] SENSOR ID: 15 TOO COOL! (AVG_TEMP = 19.906225)

[2025-07-01 21:00:40.123] [WARN] [DataMgr/Thread-1] SENSOR ID: 21 TOO COOL! (AVG_TEMP = 21.937226)

[2025-07-01 21:00:40.124] [WARN] [DataMgr/Thread-1] SENSOR ID: 37 TOO COOL! (AVG_TEMP = 22.705194)

[2025-07-01 21:00:43.727] [WARN] [DataMgr/Thread-1] SENSOR ID: 15 TOO COOL! (AVG_TEMP = 19.801860)

[2025-07-01 21:00:43.727] [WARN] [DataMgr/Thread-1] SENSOR ID: 21 TOO COOL! (AVG_TEMP = 22.005969)

[2025-07-01 21:00:43.728] [WARN] [DataMgr/Thread-1] SENSOR ID: 37 TOO COOL! (AVG_TEMP = 22.742712)

[2025-07-01 21:00:47.331] [WARN] [DataMgr/Thread-1] SENSOR ID: 15 TOO COOL! (AVG_TEMP = 19.789261)

[2025-07-01 21:00:47.331] [WARN] [DataMgr/Thread-1] SENSOR ID: 21 TOO COOL! (AVG_TEMP = 22.047314)

[2025-07-01 21:00:47.332] [WARN] [DataMgr/Thread-1] SENSOR ID: 37 TOO COOL! (AVG_TEMP = 22.701724)

[2025-07-01 21:00:50.935] [WARN] [DataMgr/Thread-1] SENSOR ID: 15 TOO COOL! (AVG_TEMP = 19.790335)

[2025-07-01 21:00:50.935] [WARN] [DataMgr/Thread-1] SENSOR ID: 21 TOO COOL! (AVG_TEMP = 22.092852)

[2025-07-01 21:00:50.935] [WARN] [DataMgr/Thread-1] SENSOR ID: 37 TOO COOL! (AVG_TEMP = 22.657357)

[2025-07-01 21:00:54.539] [WARN] [DataMgr/Thread-1] SENSOR ID: 15 TOO COOL! (AVG_TEMP = 19.776106)

[2025-07-01 21:00:54.539] [WARN] [DataMgr/Thread-1] SENSOR ID: 21 TOO COOL! (AVG_TEMP = 22.105922)

[2025-07-01 21:00:54.539] [WARN] [DataMgr/Thread-1] SENSOR ID: 37 TOO COOL! (AVG_TEMP = 22.674845)

[2025-07-01 21:00:58.143] [WARN] [DataMgr/Thread-1] SENSOR ID: 15 TOO COOL! (AVG_TEMP = 19.733758)

[2025-07-01 21:00:58.143] [WARN] [DataMgr/Thread-1] SENSOR ID: 21 TOO COOL! (AVG_TEMP = 22.067763)

[2025-07-01 21:00:58.143] [WARN] [DataMgr/Thread-1] SENSOR ID: 37 TOO COOL! (AVG_TEMP = 22.696862)

[2025-07-01 21:01:01.747] [WARN] [DataMgr/Thread-1] SENSOR ID: 15 TOO COOL! (AVG_TEMP = 19.702957)

[2025-07-01 21:01:01.747] [WARN] [DataMgr/Thread-1] SENSOR ID: 21 TOO COOL! (AVG_TEMP = 22.012798)

[2025-07-01 21:01:01.747] [WARN] [DataMgr/Thread-1] SENSOR ID: 37 TOO COOL! (AVG_TEMP = 22.671086)

[2025-07-01 21:01:05.351] [WARN] [DataMgr/Thread-1] SENSOR ID: 15 TOO COOL! (AVG_TEMP = 19.647153)

[2025-07-01 21:01:05.351] [WARN] [DataMgr/Thread-1] SENSOR ID: 21 TOO COOL! (AVG_TEMP = 22.029304)

[2025-07-01 21:01:05.351] [WARN] [DataMgr/Thread-1] SENSOR ID: 37 TOO COOL! (AVG_TEMP = 22.686923)

[2025-07-01 21:01:08.954] [WARN] [DataMgr/Thread-1] SENSOR ID: 15 TOO COOL! (AVG_TEMP = 19.558797)

[2025-07-01 21:01:08.954] [WARN] [DataMgr/Thread-1] SENSOR ID: 21 TOO COOL! (AVG_TEMP = 22.119830)

[2025-07-01 21:01:08.954] [WARN] [DataMgr/Thread-1] SENSOR ID: 37 TOO COOL! (AVG_TEMP = 22.670050)

[2025-07-01 21:01:12.558] [WARN] [DataMgr/Thread-1] SENSOR ID: 15 TOO COOL! (AVG_TEMP = 19.465648)

[2025-07-01 21:01:12.558] [WARN] [DataMgr/Thread-1] SENSOR ID: 21 TOO COOL! (AVG_TEMP = 22.268019)

[2025-07-01 21:01:12.558] [WARN] [DataMgr/Thread-1] SENSOR ID: 37 TOO COOL! (AVG_TEMP = 22.603384)

[2025-07-01 21:01:16.162] [WARN] [DataMgr/Thread-1] SENSOR ID: 15 TOO COOL! (AVG_TEMP = 19.405801)

[2025-07-01 21:01:16.162] [WARN] [DataMgr/Thread-1] SENSOR ID: 21 TOO COOL! (AVG_TEMP = 22.394578)

[2025-07-01 21:01:16.162] [WARN] [DataMgr/Thread-1] SENSOR ID: 37 TOO COOL! (AVG_TEMP = 22.556297)

[2025-07-01 21:01:17.035] [INFO] [GatewayMain] Signal 2 received. Stopping gracefully...

[2025-07-01 21:01:17.037] [INFO] [GatewayMain] CLOSING SENSOR GATEWAY
[2025-07-01 22:37:56.145] [INFO] [GatewayMain] Sensor Gateway started on port 12345
[2025-07-01 22:37:56.148] [INFO] [StorageMgr] ESTABLISHED SQL SERVER CONNECTION.

[2025-07-01 22:37:56.148] [INFO] [StorageMgr] NEW TABLE Sensor.db CREATED. 

[2025-07-01 22:40:05.218] [INFO] [GatewayMain] Signal 2 received. Stopping gracefully...

[2025-07-01 22:40:05.220] [INFO] [GatewayMain] CLOSING SENSOR GATEWAY
[2025-07-01 22:41:25.608] [INFO] [GatewayMain] Sensor Gateway started on port 12345
[2025-07-01 22:41:25.610] [INFO] [StorageMgr] ESTABLISHED SQL SERVER CONNECTION.

[2025-07-01 22:41:25.610] [INFO] [StorageMgr] NEW TABLE Sensor.db CREATED. 

[2025-07-01 22:41:26.614] [INFO] [ConnMgr/Thread-1] NEW CONNECTION SENSOR ID: 15
[2025-07-01 22:41:41.027] [WARN] [DataMgr/Thread-1] SENSOR ID: 15 TOO COOL! (AVG_TEMP = 20.190349)

[2025-07-01 22:41:44.631] [WARN] [DataMgr/Thread-1] SENSOR ID: 15 TOO COOL! (AVG_TEMP = 20.182623)

[2025-07-01 22:41:48.235] [WARN] [DataMgr/Thread-1] SENSOR ID: 15 TOO COOL! (AVG_TEMP = 20.177396)

[2025-07-01 22:41:51.838] [WARN] [DataMgr/Thread-1] SENSOR ID: 15 TOO COOL! (AVG_TEMP = 20.190992)

[2025-07-01 22:41:55.442] [WARN] [DataMgr/Thread-1] SENSOR ID: 15 TOO COOL! (AVG_TEMP = 20.201571)

[2025-07-01 22:41:59.046] [WARN] [DataMgr/Thread-1] SENSOR ID: 15 TOO COOL! (AVG_TEMP = 20.187190)

[2025-07-01 22:42:02.650] [WARN] [DataMgr/Thread-1] SENSOR ID: 15 TOO COOL! (AVG_TEMP = 20.146298)

[2025-07-01 22:42:04.030] [INFO] [GatewayMain] Signal 2 received. Stopping gracefully...

[2025-07-01 22:42:04.032] [INFO] [GatewayMain] CLOSING SENSOR GATEWAY
[2025-07-01 23:09:02.845] [INFO] [GatewayMain] Sensor Gateway started on port 12345
[2025-07-01 23:09:02.881] [INFO] [StorageMgr] ESTABLISHED SQL SERVER CONNECTION.

[2025-07-01 23:09:02.881] [INFO] [StorageMgr] NEW TABLE Sensor.db CREATED. 

[2025-07-01 23:09:03.839] [INFO] [ConnMgr/Thread-1] NEW CONNECTION SENSOR ID: 15
[2025-07-01 23:09:18.255] [WARN] [DataMgr/Thread-1] SENSOR ID: 15 TOO COOL! (AVG_TEMP = 20.249908)

[2025-07-01 23:09:21.859] [WARN] [DataMgr/Thread-1] SENSOR ID: 15 TOO COOL! (AVG_TEMP = 20.318292)

[2025-07-01 23:09:25.463] [WARN] [DataMgr/Thread-1] SENSOR ID: 15 TOO COOL! (AVG_TEMP = 20.425547)

[2025-07-01 23:09:29.066] [WARN] [DataMgr/Thread-1] SENSOR ID: 15 TOO COOL! (AVG_TEMP = 20.501551)

[2025-07-01 23:09:32.670] [WARN] [DataMgr/Thread-1] SENSOR ID: 15 TOO COOL! (AVG_TEMP = 20.589210)

[2025-07-01 23:09:36.274] [WARN] [DataMgr/Thread-1] SENSOR ID: 15 TOO COOL! (AVG_TEMP = 20.638791)

[2025-07-01 23:09:39.878] [WARN] [DataMgr/Thread-1] SENSOR ID: 15 TOO COOL! (AVG_TEMP = 20.661561)

[2025-07-01 23:09:43.482] [WARN] [DataMgr/Thread-1] SENSOR ID: 15 TOO COOL! (AVG_TEMP = 20.630669)

[2025-07-01 23:09:47.086] [WARN] [DataMgr/Thread-1] SENSOR ID: 15 TOO COOL! (AVG_TEMP = 20.654481)

[2025-07-01 23:09:50.687] [WARN] [DataMgr/Thread-1] SENSOR ID: 15 TOO COOL! (AVG_TEMP = 20.626053)

[2025-07-01 23:09:54.291] [WARN] [DataMgr/Thread-1] SENSOR ID: 15 TOO COOL! (AVG_TEMP = 20.632615)

[2025-07-01 23:09:57.895] [WARN] [DataMgr/Thread-1] SENSOR ID: 15 TOO COOL! (AVG_TEMP = 20.647537)

[2025-07-01 23:10:01.499] [WARN] [DataMgr/Thread-1] SENSOR ID: 15 TOO COOL! (AVG_TEMP = 20.705143)

[2025-07-01 23:10:05.103] [WARN] [DataMgr/Thread-1] SENSOR ID: 15 TOO COOL! (AVG_TEMP = 20.750502)

[2025-07-01 23:10:06.650] [INFO] [GatewayMain] Signal 2 received. Stopping gracefully...

[2025-07-01 23:10:06.652] [INFO] [GatewayMain] CLOSING SENSOR GATEWAY
[2025-07-01 23:11:30.223] [INFO] [GatewayMain] Sensor Gateway started on port 12345
[2025-07-01 23:11:30.226] [INFO] [StorageMgr] ESTABLISHED SQL SERVER CONNECTION.

[2025-07-01 23:11:30.226] [INFO] [StorageMgr] NEW TABLE Sensor.db CREATED. 

[2025-07-01 23:11:31.230] [INFO] [ConnMgr/Thread-1] NEW CONNECTION SENSOR ID: 15
[2025-07-01 23:16:58.122] [INFO] [GatewayMain] Sensor Gateway started on port 12345
[2025-07-01 23:16:58.165] [INFO] [StorageMgr] ESTABLISHED SQL SERVER CONNECTION.

[2025-07-01 23:16:58.165] [INFO] [StorageMgr] NEW TABLE Sensor.db CREATED. 

[2025-07-01 23:16:59.121] [INFO] [ConnMgr/Thread-1] NEW CONNECTION SENSOR ID: 15
[2025-07-01 23:17:13.536] [WARN] [DataMgr/Thread-1] SENSOR ID: 15 TOO COOL! (AVG_TEMP = 19.860138)

[2025-07-01 23:17:17.140] [WARN] [DataMgr/Thread-1] SENSOR ID: 15 TOO COOL! (AVG_TEMP = 19.793535)

[2025-07-01 23:17:20.744] [WARN] [DataMgr/Thread-1] SENSOR ID: 15 TOO COOL! (AVG_TEMP = 19.708118)

[2025-07-01 23:17:24.348] [WARN] [DataMgr/Thread-1] SENSOR ID: 15 TOO COOL! (AVG_TEMP = 19.632828)

[2025-07-01 23:17:27.951] [WARN] [DataMgr/Thread-1] SENSOR ID: 15 TOO COOL! (AVG_TEMP = 19.536233)

[2025-07-01 23:17:31.555] [WARN] [DataMgr/Thread-1] SENSOR ID: 15 TOO COOL! (AVG_TEMP = 19.432009)

[2025-07-01 23:17:35.159] [WARN] [DataMgr/Thread-1] SENSOR ID: 15 TOO COOL! (AVG_TEMP = 19.306682)

[2025-07-01 23:17:38.763] [WARN] [DataMgr/Thread-1] SENSOR ID: 15 TOO COOL! (AVG_TEMP = 19.200637)

[2025-07-01 23:17:42.367] [WARN] [DataMgr/Thread-1] SENSOR ID: 15 TOO COOL! (AVG_TEMP = 19.099557)

[2025-07-01 23:17:45.970] [WARN] [DataMgr/Thread-1] SENSOR ID: 15 TOO COOL! (AVG_TEMP = 18.988164)

[2025-07-01 23:17:49.574] [WARN] [DataMgr/Thread-1] SENSOR ID: 15 TOO COOL! (AVG_TEMP = 18.935916)

[2025-07-01 23:17:53.178] [WARN] [DataMgr/Thread-1] SENSOR ID: 15 TOO COOL! (AVG_TEMP = 18.940520)

[2025-07-01 23:17:56.782] [WARN] [DataMgr/Thread-1] SENSOR ID: 15 TOO COOL! (AVG_TEMP = 18.939680)

[2025-07-01 23:18:00.386] [WARN] [DataMgr/Thread-1] SENSOR ID: 15 TOO COOL! (AVG_TEMP = 18.987022)

[2025-07-01 23:18:03.989] [WARN] [DataMgr/Thread-1] SENSOR ID: 15 TOO COOL! (AVG_TEMP = 19.092043)

[2025-07-01 23:18:07.593] [WARN] [DataMgr/Thread-1] SENSOR ID: 15 TOO COOL! (AVG_TEMP = 19.208746)

[2025-07-01 23:18:11.197] [WARN] [DataMgr/Thread-1] SENSOR ID: 15 TOO COOL! (AVG_TEMP = 19.321363)

[2025-07-01 23:18:14.801] [WARN] [DataMgr/Thread-1] SENSOR ID: 15 TOO COOL! (AVG_TEMP = 19.433341)

[2025-07-01 23:18:18.405] [WARN] [DataMgr/Thread-1] SENSOR ID: 15 TOO COOL! (AVG_TEMP = 19.540015)

[2025-07-01 23:18:22.008] [WARN] [DataMgr/Thread-1] SENSOR ID: 15 TOO COOL! (AVG_TEMP = 19.642290)

[2025-07-01 23:18:25.612] [WARN] [DataMgr/Thread-1] SENSOR ID: 15 TOO COOL! (AVG_TEMP = 19.729817)

[2025-07-01 23:18:29.216] [WARN] [DataMgr/Thread-1] SENSOR ID: 15 TOO COOL! (AVG_TEMP = 19.832587)

[2025-07-01 23:18:32.820] [WARN] [DataMgr/Thread-1] SENSOR ID: 15 TOO COOL! (AVG_TEMP = 19.897664)

[2025-07-01 23:18:36.424] [WARN] [DataMgr/Thread-1] SENSOR ID: 15 TOO COOL! (AVG_TEMP = 19.970879)

[2025-07-01 23:18:40.026] [WARN] [DataMgr/Thread-1] SENSOR ID: 15 TOO COOL! (AVG_TEMP = 20.087033)

[2025-07-01 23:18:43.629] [WARN] [DataMgr/Thread-1] SENSOR ID: 15 TOO COOL! (AVG_TEMP = 20.172527)

[2025-07-01 23:18:47.233] [WARN] [DataMgr/Thread-1] SENSOR ID: 15 TOO COOL! (AVG_TEMP = 20.272580)

[2025-07-01 23:18:50.837] [WARN] [DataMgr/Thread-1] SENSOR ID: 15 TOO COOL! (AVG_TEMP = 20.360721)

[2025-07-01 23:18:54.441] [WARN] [DataMgr/Thread-1] SENSOR ID: 15 TOO COOL! (AVG_TEMP = 20.457630)

[2025-07-01 23:18:58.045] [WARN] [DataMgr/Thread-1] SENSOR ID: 15 TOO COOL! (AVG_TEMP = 20.498834)

[2025-07-01 23:19:01.648] [WARN] [DataMgr/Thread-1] SENSOR ID: 15 TOO COOL! (AVG_TEMP = 20.528232)

[2025-07-01 23:19:05.252] [WARN] [DataMgr/Thread-1] SENSOR ID: 15 TOO COOL! (AVG_TEMP = 20.524912)

[2025-07-01 23:19:08.856] [WARN] [DataMgr/Thread-1] SENSOR ID: 15 TOO COOL! (AVG_TEMP = 20.541071)

[2025-07-01 23:19:12.460] [WARN] [DataMgr/Thread-1] SENSOR ID: 15 TOO COOL! (AVG_TEMP = 20.509721)

[2025-07-01 23:19:16.064] [WARN] [DataMgr/Thread-1] SENSOR ID: 15 TOO COOL! (AVG_TEMP = 20.507327)

[2025-07-01 23:19:19.667] [WARN] [DataMgr/Thread-1] SENSOR ID: 15 TOO COOL! (AVG_TEMP = 20.564648)

[2025-07-01 23:19:23.271] [WARN] [DataMgr/Thread-1] SENSOR ID: 15 TOO COOL! (AVG_TEMP = 20.620952)

[2025-07-01 23:19:26.875] [WARN] [DataMgr/Thread-1] SENSOR ID: 15 TOO COOL! (AVG_TEMP = 20.726633)

[2025-07-01 23:19:30.479] [WARN] [DataMgr/Thread-1] SENSOR ID: 15 TOO COOL! (AVG_TEMP = 20.848669)

[2025-07-01 23:19:34.083] [WARN] [DataMgr/Thread-1] SENSOR ID: 15 TOO COOL! (AVG_TEMP = 20.959208)

[2025-07-01 23:19:37.686] [WARN] [DataMgr/Thread-1] SENSOR ID: 15 TOO COOL! (AVG_TEMP = 21.049579)

[2025-07-01 23:19:41.290] [WARN] [DataMgr/Thread-1] SENSOR ID: 15 TOO COOL! (AVG_TEMP = 21.081703)

[2025-07-01 23:19:44.894] [WARN] [DataMgr/Thread-1] SENSOR ID: 15 TOO COOL! (AVG_TEMP = 21.032768)

[2025-07-01 23:19:48.498] [WARN] [DataMgr/Thread-1] SENSOR ID: 15 TOO COOL! (AVG_TEMP = 20.965510)

[2025-07-01 23:19:52.102] [WARN] [DataMgr/Thread-1] SENSOR ID: 15 TOO COOL! (AVG_TEMP = 20.890331)

[2025-07-01 23:19:55.706] [WARN] [DataMgr/Thread-1] SENSOR ID: 15 TOO COOL! (AVG_TEMP = 20.819693)

[2025-07-01 23:19:59.309] [WARN] [DataMgr/Thread-1] SENSOR ID: 15 TOO COOL! (AVG_TEMP = 20.764772)

[2025-07-01 23:20:02.913] [WARN] [DataMgr/Thread-1] SENSOR ID: 15 TOO COOL! (AVG_TEMP = 20.791273)

[2025-07-01 23:20:06.517] [WARN] [DataMgr/Thread-1] SENSOR ID: 15 TOO COOL! (AVG_TEMP = 20.833872)

[2025-07-01 23:20:10.121] [WARN] [DataMgr/Thread-1] SENSOR ID: 15 TOO COOL! (AVG_TEMP = 20.843622)

[2025-07-01 23:20:13.725] [WARN] [DataMgr/Thread-1] SENSOR ID: 15 TOO COOL! (AVG_TEMP = 20.777866)

[2025-07-01 23:20:17.328] [WARN] [DataMgr/Thread-1] SENSOR ID: 15 TOO COOL! (AVG_TEMP = 20.767356)

[2025-07-01 23:20:20.932] [WARN] [DataMgr/Thread-1] SENSOR ID: 15 TOO COOL! (AVG_TEMP = 20.711884)

[2025-07-01 23:20:24.536] [WARN] [DataMgr/Thread-1] SENSOR ID: 15 TOO COOL! (AVG_TEMP = 20.688272)

[2025-07-01 23:20:28.140] [WARN] [DataMgr/Thread-1] SENSOR ID: 15 TOO COOL! (AVG_TEMP = 20.680119)

[2025-07-01 23:20:31.744] [WARN] [DataMgr/Thread-1] SENSOR ID: 15 TOO COOL! (AVG_TEMP = 20.707137)

[2025-07-01 23:20:35.347] [WARN] [DataMgr/Thread-1] SENSOR ID: 15 TOO COOL! (AVG_TEMP = 20.715379)

[2025-07-01 23:20:38.951] [WARN] [DataMgr/Thread-1] SENSOR ID: 15 TOO COOL! (AVG_TEMP = 20.750184)

[2025-07-01 23:20:42.555] [WARN] [DataMgr/Thread-1] SENSOR ID: 15 TOO COOL! (AVG_TEMP = 20.767775)

[2025-07-01 23:20:46.159] [WARN] [DataMgr/Thread-1] SENSOR ID: 15 TOO COOL! (AVG_TEMP = 20.810361)

[2025-07-01 23:20:49.762] [WARN] [DataMgr/Thread-1] SENSOR ID: 15 TOO COOL! (AVG_TEMP = 20.885373)

[2025-07-01 23:20:53.366] [WARN] [DataMgr/Thread-1] SENSOR ID: 15 TOO COOL! (AVG_TEMP = 20.988032)

[2025-07-01 23:20:56.969] [WARN] [DataMgr/Thread-1] SENSOR ID: 15 TOO COOL! (AVG_TEMP = 21.107711)

[2025-07-01 23:21:00.573] [WARN] [DataMgr/Thread-1] SENSOR ID: 15 TOO COOL! (AVG_TEMP = 21.234304)

[2025-07-01 23:21:04.177] [WARN] [DataMgr/Thread-1] SENSOR ID: 15 TOO COOL! (AVG_TEMP = 21.367545)

[2025-07-01 23:21:07.781] [WARN] [DataMgr/Thread-1] SENSOR ID: 15 TOO COOL! (AVG_TEMP = 21.439138)

[2025-07-01 23:21:11.384] [WARN] [DataMgr/Thread-1] SENSOR ID: 15 TOO COOL! (AVG_TEMP = 21.489025)

[2025-07-01 23:21:14.988] [WARN] [DataMgr/Thread-1] SENSOR ID: 15 TOO COOL! (AVG_TEMP = 21.506434)

[2025-07-01 23:21:18.592] [WARN] [DataMgr/Thread-1] SENSOR ID: 15 TOO COOL! (AVG_TEMP = 21.522999)

[2025-07-01 23:21:22.196] [WARN] [DataMgr/Thread-1] SENSOR ID: 15 TOO COOL! (AVG_TEMP = 21.505145)

[2025-07-01 23:21:25.800] [WARN] [DataMgr/Thread-1] SENSOR ID: 15 TOO COOL! (AVG_TEMP = 21.508527)

[2025-07-01 23:21:29.404] [WARN] [DataMgr/Thread-1] SENSOR ID: 15 TOO COOL! (AVG_TEMP = 21.499689)

[2025-07-01 23:21:33.007] [WARN] [DataMgr/Thread-1] SENSOR ID: 15 TOO COOL! (AVG_TEMP = 21.449133)

[2025-07-01 23:21:36.611] [WARN] [DataMgr/Thread-1] SENSOR ID: 15 TOO COOL! (AVG_TEMP = 21.363117)

[2025-07-01 23:21:40.215] [WARN] [DataMgr/Thread-1] SENSOR ID: 15 TOO COOL! (AVG_TEMP = 21.343038)

[2025-07-01 23:21:43.819] [WARN] [DataMgr/Thread-1] SENSOR ID: 15 TOO COOL! (AVG_TEMP = 21.382715)

[2025-07-01 23:21:47.423] [WARN] [DataMgr/Thread-1] SENSOR ID: 15 TOO COOL! (AVG_TEMP = 21.388280)

[2025-07-01 23:21:51.026] [WARN] [DataMgr/Thread-1] SENSOR ID: 15 TOO COOL! (AVG_TEMP = 21.438598)

[2025-07-01 23:21:54.630] [WARN] [DataMgr/Thread-1] SENSOR ID: 15 TOO COOL! (AVG_TEMP = 21.528374)

[2025-07-01 23:21:58.234] [WARN] [DataMgr/Thread-1] SENSOR ID: 15 TOO COOL! (AVG_TEMP = 21.598654)

[2025-07-01 23:22:01.838] [WARN] [DataMgr/Thread-1] SENSOR ID: 15 TOO COOL! (AVG_TEMP = 21.646246)

[2025-07-01 23:22:05.442] [WARN] [DataMgr/Thread-1] SENSOR ID: 15 TOO COOL! (AVG_TEMP = 21.745055)

[2025-07-01 23:22:09.045] [WARN] [DataMgr/Thread-1] SENSOR ID: 15 TOO COOL! (AVG_TEMP = 21.859457)

[2025-07-01 23:22:12.649] [WARN] [DataMgr/Thread-1] SENSOR ID: 15 TOO COOL! (AVG_TEMP = 21.899651)

[2025-07-01 23:22:16.253] [WARN] [DataMgr/Thread-1] SENSOR ID: 15 TOO COOL! (AVG_TEMP = 21.870051)

[2025-07-01 23:22:19.857] [WARN] [DataMgr/Thread-1] SENSOR ID: 15 TOO COOL! (AVG_TEMP = 21.857902)

[2025-07-01 23:22:23.461] [WARN] [DataMgr/Thread-1] SENSOR ID: 15 TOO COOL! (AVG_TEMP = 21.784081)

[2025-07-01 23:22:27.064] [WARN] [DataMgr/Thread-1] SENSOR ID: 15 TOO COOL! (AVG_TEMP = 21.647020)

[2025-07-01 23:22:30.668] [WARN] [DataMgr/Thread-1] SENSOR ID: 15 TOO COOL! (AVG_TEMP = 21.552471)

[2025-07-01 23:22:34.272] [WARN] [DataMgr/Thread-1] SENSOR ID: 15 TOO COOL! (AVG_TEMP = 21.526411)

[2025-07-01 23:22:37.876] [WARN] [DataMgr/Thread-1] SENSOR ID: 15 TOO COOL! (AVG_TEMP = 21.501267)

[2025-07-01 23:22:41.480] [WARN] [DataMgr/Thread-1] SENSOR ID: 15 TOO COOL! (AVG_TEMP = 21.569745)

[2025-07-01 23:22:45.084] [WARN] [DataMgr/Thread-1] SENSOR ID: 15 TOO COOL! (AVG_TEMP = 21.638977)

[2025-07-01 23:22:48.688] [WARN] [DataMgr/Thread-1] SENSOR ID: 15 TOO COOL! (AVG_TEMP = 21.743948)

[2025-07-01 23:22:52.291] [WARN] [DataMgr/Thread-1] SENSOR ID: 15 TOO COOL! (AVG_TEMP = 21.785197)

[2025-07-01 23:22:55.895] [WARN] [DataMgr/Thread-1] SENSOR ID: 15 TOO COOL! (AVG_TEMP = 21.779824)

[2025-07-01 23:22:59.499] [WARN] [DataMgr/Thread-1] SENSOR ID: 15 TOO COOL! (AVG_TEMP = 21.742954)

[2025-07-01 23:23:03.103] [WARN] [DataMgr/Thread-1] SENSOR ID: 15 TOO COOL! (AVG_TEMP = 21.711319)

[2025-07-01 23:23:06.707] [WARN] [DataMgr/Thread-1] SENSOR ID: 15 TOO COOL! (AVG_TEMP = 21.597191)

[2025-07-01 23:23:10.310] [WARN] [DataMgr/Thread-1] SENSOR ID: 15 TOO COOL! (AVG_TEMP = 21.546171)

[2025-07-01 23:23:13.914] [WARN] [DataMgr/Thread-1] SENSOR ID: 15 TOO COOL! (AVG_TEMP = 21.538036)

[2025-07-01 23:23:17.518] [WARN] [DataMgr/Thread-1] SENSOR ID: 15 TOO COOL! (AVG_TEMP = 21.527680)

[2025-07-01 23:23:21.122] [WARN] [DataMgr/Thread-1] SENSOR ID: 15 TOO COOL! (AVG_TEMP = 21.542990)

[2025-07-01 23:23:24.726] [WARN] [DataMgr/Thread-1] SENSOR ID: 15 TOO COOL! (AVG_TEMP = 21.573513)

[2025-07-01 23:23:28.329] [WARN] [DataMgr/Thread-1] SENSOR ID: 15 TOO COOL! (AVG_TEMP = 21.623710)

[2025-07-01 23:23:31.933] [WARN] [DataMgr/Thread-1] SENSOR ID: 15 TOO COOL! (AVG_TEMP = 21.658458)

[2025-07-01 23:23:35.537] [WARN] [DataMgr/Thread-1] SENSOR ID: 15 TOO COOL! (AVG_TEMP = 21.658294)

[2025-07-01 23:23:39.141] [WARN] [DataMgr/Thread-1] SENSOR ID: 15 TOO COOL! (AVG_TEMP = 21.652022)

[2025-07-01 23:23:40.790] [INFO] [GatewayMain] Signal 2 received. Stopping gracefully...

[2025-07-01 23:23:40.791] [INFO] [GatewayMain] CLOSING SENSOR GATEWAY
